{"level":"info","timestamp":"2024-12-11T17:16:04.415+0300","msg":"inserted book with %d","id":1}
{"level":"error","timestamp":"2024-12-11T17:16:04.423+0300","msg":"ошибка при вызове GetInfo: %v","error":"rpc error: code = Unimplemented desc = unknown service hotel_v1.HotelV1"}
{"level":"info","timestamp":"2024-12-11T17:22:21.768+0300","msg":"inserted book with %d","id":2}
{"level":"error","timestamp":"2024-12-11T17:22:21.790+0300","msg":"ошибка при вызове GetInfo: %v","error":"rpc error: code = Unimplemented desc = unknown service hotel_v1.HotelV1"}
{"level":"info","timestamp":"2024-12-11T17:23:11.049+0300","msg":"inserted book with %d","id":3}
{"level":"error","timestamp":"2024-12-11T17:23:11.055+0300","msg":"ошибка при вызове GetInfo: %v","error":"rpc error: code = Unimplemented desc = unknown service hotel_v1.HotelV1"}
{"level":"info","timestamp":"2024-12-11T17:24:12.402+0300","msg":"inserted book with %d","id":4}
{"level":"error","timestamp":"2024-12-11T17:24:12.407+0300","msg":"ошибка при вызове GetInfo: %v","error":"rpc error: code = Unimplemented desc = unknown service hotel_v1.HotelV1"}
{"level":"info","timestamp":"2024-12-11T17:24:22.025+0300","msg":"inserted book with %d","id":5}
{"level":"error","timestamp":"2024-12-11T17:24:22.028+0300","msg":"ошибка при вызове GetInfo: %v","error":"rpc error: code = Unimplemented desc = unknown service hotel_v1.HotelV1"}
{"level":"info","timestamp":"2024-12-11T17:24:36.086+0300","msg":"inserted book with %d","id":6}
{"level":"error","timestamp":"2024-12-11T17:24:36.097+0300","msg":"ошибка при вызове GetInfo: %v","error":"rpc error: code = Unimplemented desc = unknown service hotel_v1.HotelV1"}
{"level":"info","timestamp":"2024-12-11T17:28:06.412+0300","msg":"inserted book with %d","id":7}
{"level":"error","timestamp":"2024-12-11T17:28:06.423+0300","msg":"ошибка при вызове GetInfo: %v","error":"rpc error: code = Unavailable desc = connection error: desc = \"transport: Error while dialing: dial tcp 127.0.0.1:50053: connect: connection refused\""}
{"level":"info","timestamp":"2024-12-11T17:29:44.511+0300","msg":"inserted book with %d","id":8}
{"level":"error","timestamp":"2024-12-11T17:29:44.549+0300","msg":"ошибка при вызове GetInfo: %v","error":"rpc error: code = Unknown desc = no rows in result set"}
{"level":"error","timestamp":"2024-12-12T02:15:45.527+0300","msg":"ошибка при вызове GetInfo: %v","error":"rpc error: code = Unimplemented desc = unknown service auth_v1.AuthV1"}
{"level":"error","timestamp":"2024-12-12T02:30:39.625+0300","msg":"ошибка при вызове GetInfo: %v","error":"rpc error: code = Unimplemented desc = unknown service auth_v1.AuthV1"}
{"level":"error","timestamp":"2024-12-12T02:33:53.215+0300","msg":"ошибка при вызове GetInfo: %v","error":"rpc error: code = Unimplemented desc = unknown service auth_v1.AuthV1"}
{"level":"error","timestamp":"2024-12-12T02:38:43.975+0300","msg":"ошибка при вызове GetInfo: %v","error":"rpc error: code = Unimplemented desc = unknown service auth_v1.AuthV1"}
{"level":"info","timestamp":"2024-12-12T02:40:00.553+0300","msg":"Connected"}
{"level":"error","timestamp":"2024-12-12T02:40:00.557+0300","msg":"ошибка при вызове GetInfo: %v","error":"rpc error: code = Unimplemented desc = unknown service auth_v1.AuthV1"}
{"level":"info","timestamp":"2024-12-12T02:41:33.717+0300","msg":"Connected"}
{"level":"error","timestamp":"2024-12-12T02:41:33.720+0300","msg":"ошибка при вызове GetInfo: %v","error":"rpc error: code = Unimplemented desc = unknown service auth_v1.AuthV1"}
{"level":"info","timestamp":"2024-12-12T02:42:27.122+0300","msg":"Connected"}
{"level":"error","timestamp":"2024-12-12T02:42:27.125+0300","msg":"ошибка при вызове GetInfo: %v","error":"rpc error: code = Unimplemented desc = unknown service auth_v1.AuthV1"}
{"level":"info","timestamp":"2024-12-12T02:46:31.713+0300","msg":"Connected"}
{"level":"error","timestamp":"2024-12-12T02:46:31.714+0300","msg":"ошибка при вызове GetInfo: %v","error":"rpc error: code = Unimplemented desc = unknown service auth_v1.AuthV1"}
{"level":"error","timestamp":"2024-12-12T02:53:07.198+0300","msg":"ошибка при вызове GetInfo: %v","error":"rpc error: code = Unimplemented desc = unknown service auth_v1.AuthV1"}
{"level":"info","timestamp":"2024-12-12T03:14:34.632+0300","msg":"Connected"}
{"level":"info","timestamp":"2024-12-12T03:17:02.768+0300","msg":"Connected"}
{"level":"error","timestamp":"2024-12-12T03:18:25.240+0300","msg":"ошибка при вызове","error":"rpc error: code = Unknown desc = ERROR: column \"id\" does not exist (SQLSTATE 42703)"}
{"level":"info","timestamp":"2024-12-12T03:20:05.488+0300","msg":"Connected"}
{"level":"error","timestamp":"2024-12-12T03:21:25.360+0300","msg":"ошибка при вызове","error":"rpc error: code = Unknown desc = ERROR: column \"id\" does not exist (SQLSTATE 42703)"}
{"level":"error","timestamp":"2024-12-12T03:23:16.464+0300","msg":"ошибка при вызове","error":"rpc error: code = Unknown desc = ERROR: column \"id\" does not exist (SQLSTATE 42703)"}
{"level":"error","timestamp":"2024-12-12T03:24:18.537+0300","msg":"ошибка при вызове","error":"rpc error: code = Unknown desc = ERROR: column \"id\" does not exist (SQLSTATE 42703)"}
{"level":"info","timestamp":"2024-12-12T10:31:31.397+0300","msg":"Connected"}
{"level":"info","timestamp":"2024-12-12T10:32:44.437+0300","msg":"Connected"}
{"level":"error","timestamp":"2024-12-12T10:34:22.681+0300","msg":"ошибка при вызове","error":"rpc error: code = Unknown desc = ERROR: column \"id\" does not exist (SQLSTATE 42703)"}
{"level":"error","timestamp":"2024-12-12T13:27:40.817+0300","msg":"ошибка при вызове","error":"rpc error: code = Aborted desc = invalid refresh token"}
{"level":"info","timestamp":"2024-12-12T13:27:53.824+0300","msg":"Connected"}
{"level":"info","timestamp":"2024-12-12T14:15:38.962+0300","msg":"Connected"}
{"level":"error","timestamp":"2024-12-12T14:16:21.391+0300","msg":"ошибка при вызове","error":"rpc error: code = Unknown desc = no rows in result set"}
{"level":"info","timestamp":"2024-12-12T14:18:09.339+0300","msg":"Connected"}
{"level":"info","timestamp":"2024-12-12T14:25:48.363+0300","msg":"Connected"}
{"level":"info","timestamp":"2024-12-12T14:27:45.203+0300","msg":"Connected"}
{"level":"info","timestamp":"2024-12-12T14:39:07.796+0300","msg":"Connected"}
{"level":"error","timestamp":"2024-12-12T14:39:43.488+0300","msg":"ошибка при вызове","error":"rpc error: code = Unknown desc = no rows in result set"}
{"level":"error","timestamp":"2024-12-12T14:42:34.737+0300","msg":"ошибка при вызове","error":"rpc error: code = Unknown desc = no rows in result set"}
{"level":"info","timestamp":"2024-12-12T14:46:19.447+0300","msg":"Connected"}
{"level":"info","timestamp":"2024-12-12T14:52:21.920+0300","msg":"Connected"}
{"level":"info","timestamp":"2024-12-12T14:54:17.874+0300","msg":"Connected"}
{"level":"info","timestamp":"2024-12-12T15:12:06.857+0300","msg":"Connected"}
{"level":"info","timestamp":"2024-12-12T15:17:01.080+0300","msg":"Connected"}
{"level":"info","timestamp":"2024-12-12T15:17:26.986+0300","msg":"Connected"}
{"level":"info","timestamp":"2024-12-12T15:22:00.320+0300","msg":"Connected"}
{"level":"info","timestamp":"2024-12-12T15:34:23.799+0300","msg":"Connected"}
{"level":"info","timestamp":"2024-12-12T15:35:38.551+0300","msg":"inserted book with %d","id":1}
{"level":"error","timestamp":"2024-12-12T15:35:38.574+0300","msg":"ошибка при вызове GetInfo: %v","error":"rpc error: code = Unknown desc = no rows in result set"}
{"level":"info","timestamp":"2024-12-12T16:45:24.048+0300","msg":"Connected"}
{"level":"info","timestamp":"2024-12-12T17:14:18.598+0300","msg":"Connected"}
{"level":"info","timestamp":"2024-12-12T17:14:31.392+0300","msg":"Connected"}
{"level":"info","timestamp":"2024-12-12T17:15:17.912+0300","msg":"inserted book with %d","id":2}
{"level":"info","timestamp":"2024-12-12T17:47:10.575+0300","msg":"Connected"}
{"level":"info","timestamp":"2024-12-12T17:47:10.684+0300","msg":"request","method":"/auth_v1.AuthV1/Signin","req":"username:\"login\" password:\"password\" role:\"Client\"","res":"refresh_token:\"eyJhbGciOiJIUzI1NiIsInR5cCI6IkpXVCJ9.eyJleHAiOjE3MzQwMTg0MzAsInVzZXJuYW1lIjoibG9naW4iLCJyb2xlIjoiQ2xpZW50In0.rPxFDOLgxNhDDFBS-SumZqbimgTbS-lYhN3FJPyb05I\"","duration":0.107019936}
{"level":"info","timestamp":"2024-12-12T17:47:36.311+0300","msg":"request","method":"/auth_v1.AuthV1/Login","req":"username:\"login\" password:\"password\" refresh_token:\"eyJhbGciOiJIUzI1NiIsInR5cCI6IkpXVCJ9.eyJleHAiOjE3MzQwMTg0MzAsInVzZXJuYW1lIjoibG9naW4iLCJyb2xlIjoiQ2xpZW50In0.rPxFDOLgxNhDDFBS-SumZqbimgTbS-lYhN3FJPyb05I\"","res":"access_token:\"eyJhbGciOiJIUzI1NiIsInR5cCI6IkpXVCJ9.eyJleHAiOjE3MzQwMTU0NTYsInVzZXJuYW1lIjoibG9naW4iLCJyb2xlIjoiQ2xpZW50In0.NV4he1cdPyxs7raqMLjE980to8XbkIc5CJ-H03euDRo\"","duration":0.089191338}
{"level":"error","timestamp":"2024-12-12T17:47:42.778+0300","msg":"rpc error: code = Aborted desc = invalid refresh token","method":"/auth_v1.AuthV1/Login","req":"username:\"login\" password:\"password\" refresh_token:\"eyJhbGciOiJIUzI1NiIsInR5cCI6IkpXVCJ9.eyJleHAiOjE3MzQwMTg0MzAsInVzZXJuYW1lIjoibG9naW4iLCJyb2xlIjoiQ2xpZW50In0.rPxFDOLgxNhDDFBS-SumZqbimgTbS-lYhN3FJPyb05\""}
{"level":"info","timestamp":"2024-12-12T17:47:42.778+0300","msg":"request","method":"/auth_v1.AuthV1/Login","req":"username:\"login\" password:\"password\" refresh_token:\"eyJhbGciOiJIUzI1NiIsInR5cCI6IkpXVCJ9.eyJleHAiOjE3MzQwMTg0MzAsInVzZXJuYW1lIjoibG9naW4iLCJyb2xlIjoiQ2xpZW50In0.rPxFDOLgxNhDDFBS-SumZqbimgTbS-lYhN3FJPyb05\"","res":"<nil>","duration":0.000171213}
{"level":"error","timestamp":"2024-12-12T17:47:42.778+0300","msg":"ошибка при вызове","error":"rpc error: code = Aborted desc = invalid refresh token"}
{"level":"info","timestamp":"2024-12-12T18:29:36.027+0300","msg":"Connected"}
{"level":"error","timestamp":"2024-12-12T18:29:36.175+0300","msg":"ошибка при вызове:","error":"rpc error: code = Unavailable desc = error reading from server: EOF"}
{"level":"info","timestamp":"2024-12-12T18:29:47.032+0300","msg":"Connected"}
{"level":"error","timestamp":"2024-12-12T18:29:47.033+0300","msg":"ошибка при вызове:","error":"rpc error: code = Unavailable desc = connection error: desc = \"transport: Error while dialing: dial tcp 127.0.0.1:50054: connect: connection refused\""}
{"level":"info","timestamp":"2024-12-12T18:30:24.059+0300","msg":"Connected"}
{"level":"error","timestamp":"2024-12-12T18:30:24.220+0300","msg":"ошибка при вызове:","error":"rpc error: code = Unavailable desc = error reading from server: EOF"}
{"level":"info","timestamp":"2024-12-12T18:32:07.663+0300","msg":"Connected"}
{"level":"error","timestamp":"2024-12-12T18:32:07.827+0300","msg":"ошибка при вызове:","error":"rpc error: code = Unavailable desc = error reading from server: EOF"}
{"level":"info","timestamp":"2024-12-12T18:52:24.340+0300","msg":"Connected"}
{"level":"info","timestamp":"2024-12-12T18:52:24.474+0300","msg":"request","method":"/auth_v1.AuthV1/Signin","req":"username:\"lologin\" password:\"password\" role:\"Client\"","res":"refresh_token:\"eyJhbGciOiJIUzI1NiIsInR5cCI6IkpXVCJ9.eyJleHAiOjE3MzQwMjIzNDQsInVzZXJuYW1lIjoibG9sb2dpbiIsInJvbGUiOiJDbGllbnQifQ.BrV-xBoQqPFBJ3c2Y6l1r8fGD3TYLCJNUNcVxDCuUW0\"","duration":0.132758172}
{"level":"info","timestamp":"2024-12-12T18:52:47.785+0300","msg":"request","method":"/auth_v1.AuthV1/Login","req":"username:\"lologin\" password:\"password\" refresh_token:\"eyJhbGciOiJIUzI1NiIsInR5cCI6IkpXVCJ9.eyJleHAiOjE3MzQwMjIzNDQsInVzZXJuYW1lIjoibG9sb2dpbiIsInJvbGUiOiJDbGllbnQifQ.BrV-xBoQqPFBJ3c2Y6l1r8fGD3TYLCJNUNcVxDCuUW0\"","res":"access_token:\"eyJhbGciOiJIUzI1NiIsInR5cCI6IkpXVCJ9.eyJleHAiOjE3MzQwMTkzNjcsInVzZXJuYW1lIjoibG9sb2dpbiIsInJvbGUiOiJDbGllbnQifQ.Llvcr13Izs4W8-v6jf2txqSu54moTZ0AOah7ZnvIPQM\"","duration":0.139513304}
{"level":"info","timestamp":"2024-12-15T01:53:20.476+0300","msg":"Connected"}
{"level":"info","timestamp":"2024-12-15T01:53:20.621+0300","msg":"request","method":"/auth_v1.AuthV1/Signin","req":"username:\"lologin\" password:\"password\" role:\"Client\"","res":"refresh_token:\"eyJhbGciOiJIUzI1NiIsInR5cCI6IkpXVCJ9.eyJleHAiOjE3MzQyMjA0MDAsInVzZXJuYW1lIjoibG9sb2dpbiIsInJvbGUiOiJDbGllbnQifQ.o77HrCrm3e15omqS-NT6cFCyEHSeWEDF5jbEMIsEXLw\"","duration":0.142008129}
{"level":"error","timestamp":"2024-12-15T01:53:37.009+0300","msg":"ERROR: relation \"auth\" does not exist (SQLSTATE 42P01)","method":"/auth_v1.AuthV1/Login","req":"username:\"lologin\" password:\"password\" refresh_token:\"eyJhbGciOiJIUzI1NiIsInR5cCI6IkpXVCJ9.eyJleHAiOjE3MzQyMjA0MDAsInVzZXJuYW1lIjoibG9sb2dpbiIsInJvbGUiOiJDbGllbnQifQ.o77HrCrm3e15omqS-NT6cFCyEHSeWEDF5jbEMIsEXLw\""}
{"level":"info","timestamp":"2024-12-15T01:53:37.010+0300","msg":"request","method":"/auth_v1.AuthV1/Login","req":"username:\"lologin\" password:\"password\" refresh_token:\"eyJhbGciOiJIUzI1NiIsInR5cCI6IkpXVCJ9.eyJleHAiOjE3MzQyMjA0MDAsInVzZXJuYW1lIjoibG9sb2dpbiIsInJvbGUiOiJDbGllbnQifQ.o77HrCrm3e15omqS-NT6cFCyEHSeWEDF5jbEMIsEXLw\"","res":"<nil>","duration":0.002406911}
{"level":"error","timestamp":"2024-12-15T01:53:37.010+0300","msg":"ошибка при вызове","error":"rpc error: code = Unknown desc = ERROR: relation \"auth\" does not exist (SQLSTATE 42P01)"}
{"level":"error","timestamp":"2024-12-15T01:53:45.397+0300","msg":"ERROR: relation \"auth\" does not exist (SQLSTATE 42P01)","method":"/auth_v1.AuthV1/Login","req":"username:\"lologin\" password:\"password\" refresh_token:\"eyJhbGciOiJIUzI1NiIsInR5cCI6IkpXVCJ9.eyJleHAiOjE3MzQyMjA0MDAsInVzZXJuYW1lIjoibG9sb2dpbiIsInJvbGUiOiJDbGllbnQifQ.o77HrCrm3e15omqS-NT6cFCyEHSeWEDF5jbEMIsEXLw\""}
{"level":"info","timestamp":"2024-12-15T01:53:45.399+0300","msg":"request","method":"/auth_v1.AuthV1/Login","req":"username:\"lologin\" password:\"password\" refresh_token:\"eyJhbGciOiJIUzI1NiIsInR5cCI6IkpXVCJ9.eyJleHAiOjE3MzQyMjA0MDAsInVzZXJuYW1lIjoibG9sb2dpbiIsInJvbGUiOiJDbGllbnQifQ.o77HrCrm3e15omqS-NT6cFCyEHSeWEDF5jbEMIsEXLw\"","res":"<nil>","duration":0.00459665}
{"level":"error","timestamp":"2024-12-15T01:53:45.400+0300","msg":"ошибка при вызове","error":"rpc error: code = Unknown desc = ERROR: relation \"auth\" does not exist (SQLSTATE 42P01)"}
{"level":"error","timestamp":"2024-12-15T01:57:24.156+0300","msg":"no rows in result set","method":"/auth_v1.AuthV1/Login","req":"username:\"lologin\" password:\"password\" refresh_token:\"eyJhbGciOiJIUzI1NiIsInR5cCI6IkpXVCJ9.eyJleHAiOjE3MzQyMjA0MDAsInVzZXJuYW1lIjoibG9sb2dpbiIsInJvbGUiOiJDbGllbnQifQ.o77HrCrm3e15omqS-NT6cFCyEHSeWEDF5jbEMIsEXLw\""}
{"level":"info","timestamp":"2024-12-15T01:57:24.156+0300","msg":"request","method":"/auth_v1.AuthV1/Login","req":"username:\"lologin\" password:\"password\" refresh_token:\"eyJhbGciOiJIUzI1NiIsInR5cCI6IkpXVCJ9.eyJleHAiOjE3MzQyMjA0MDAsInVzZXJuYW1lIjoibG9sb2dpbiIsInJvbGUiOiJDbGllbnQifQ.o77HrCrm3e15omqS-NT6cFCyEHSeWEDF5jbEMIsEXLw\"","res":"<nil>","duration":0.008211079}
{"level":"error","timestamp":"2024-12-15T01:57:24.157+0300","msg":"ошибка при вызове","error":"rpc error: code = Unknown desc = no rows in result set"}
{"level":"info","timestamp":"2024-12-15T02:11:22.636+0300","msg":"Connected"}
{"level":"info","timestamp":"2024-12-15T02:11:22.745+0300","msg":"request","method":"/auth_v1.AuthV1/Signin","req":"username:\"lologin\" password:\"password\" role:\"Client\"","res":"refresh_token:\"eyJhbGciOiJIUzI1NiIsInR5cCI6IkpXVCJ9.eyJleHAiOjE3MzQyMjE0ODIsInVzZXJuYW1lIjoibG9sb2dpbiIsInJvbGUiOiJDbGllbnQifQ.UqNKg_aoYj7OJgSPZBlOOfNO89msJYBYoF3hEu3gvk8\"","duration":0.107572804}
{"level":"info","timestamp":"2024-12-15T02:11:52.488+0300","msg":"Connected"}
{"level":"info","timestamp":"2024-12-15T02:11:52.492+0300","msg":"Login found"}
{"level":"info","timestamp":"2024-12-15T02:11:52.492+0300","msg":"request","method":"/auth_v1.AuthV1/GetRefreshToken","req":"refresh_token:\"eyJhbGciOiJIUzI1NiIsInR5cCI6IkpXVCJ9.eyJleHAiOjE3MzQyMjE0ODIsInVzZXJuYW1lIjoibG9sb2dpbiIsInJvbGUiOiJDbGllbnQifQ.UqNKg_aoYj7OJgSPZBlOOfNO89msJYBYoF3hEu3gvk8\"","res":"refresh_token:\"eyJhbGciOiJIUzI1NiIsInR5cCI6IkpXVCJ9.eyJleHAiOjE3MzQyMjE1MTIsInVzZXJuYW1lIjoibG9sb2dpbiIsInJvbGUiOiJDbGllbnQifQ.8EZBgT-Ge0l7CkZzZZ1CW40DGhVAZ3gAn1lae9KdiBs\"","duration":0.002289471}
{"level":"info","timestamp":"2024-12-15T02:12:20.986+0300","msg":"request","method":"/auth_v1.AuthV1/Login","req":"username:\"lologin\" password:\"password\" refresh_token:\"eyJhbGciOiJIUzI1NiIsInR5cCI6IkpXVCJ9.eyJleHAiOjE3MzQyMjE1MTIsInVzZXJuYW1lIjoibG9sb2dpbiIsInJvbGUiOiJDbGllbnQifQ.8EZBgT-Ge0l7CkZzZZ1CW40DGhVAZ3gAn1lae9KdiBs\"","res":"access_token:\"eyJhbGciOiJIUzI1NiIsInR5cCI6IkpXVCJ9.eyJleHAiOjE3MzQyMTg1NDAsInVzZXJuYW1lIjoibG9sb2dpbiIsInJvbGUiOiJDbGllbnQifQ.xf7rv1RwFGYit5T9gbph2f_vrHwDixE0Y9ke8P1o3KY\"","duration":0.08809802}
{"level":"info","timestamp":"2024-12-15T02:13:36.666+0300","msg":"Connected"}
{"level":"info","timestamp":"2024-12-15T02:13:36.758+0300","msg":"request","method":"/auth_v1.AuthV1/Signin","req":"username:\"lologin\" password:\"password\" role:\"Hotelier\"","res":"refresh_token:\"eyJhbGciOiJIUzI1NiIsInR5cCI6IkpXVCJ9.eyJleHAiOjE3MzQyMjE2MTYsInVzZXJuYW1lIjoibG9sb2dpbiIsInJvbGUiOiJIb3RlbGllciJ9.yKLMBVZFIEMZDmjRpXQ-oNZg18vPgt0hJS0Dd9DGES8\"","duration":0.090450246}
{"level":"info","timestamp":"2024-12-15T02:13:50.322+0300","msg":"request","method":"/auth_v1.AuthV1/Login","req":"username:\"lologin\" password:\"password\" refresh_token:\"eyJhbGciOiJIUzI1NiIsInR5cCI6IkpXVCJ9.eyJleHAiOjE3MzQyMjE2MTYsInVzZXJuYW1lIjoibG9sb2dpbiIsInJvbGUiOiJIb3RlbGllciJ9.yKLMBVZFIEMZDmjRpXQ-oNZg18vPgt0hJS0Dd9DGES8\"","res":"access_token:\"eyJhbGciOiJIUzI1NiIsInR5cCI6IkpXVCJ9.eyJleHAiOjE3MzQyMTg2MzAsInVzZXJuYW1lIjoibG9sb2dpbiIsInJvbGUiOiJDbGllbnQifQ.maIv_RCgSXNuwubuyCSbaPs5krh-UzNfA3Yzs56vXT4\"","duration":0.087369691}
{"level":"info","timestamp":"2024-12-15T02:15:34.814+0300","msg":"Access granted"}
{"level":"info","timestamp":"2024-12-15T02:18:58.219+0300","msg":"request","method":"/auth_v1.AuthV1/Login","req":"username:\"lologin\" password:\"password\" refresh_token:\"eyJhbGciOiJIUzI1NiIsInR5cCI6IkpXVCJ9.eyJleHAiOjE3MzQyMjE2MTYsInVzZXJuYW1lIjoibG9sb2dpbiIsInJvbGUiOiJIb3RlbGllciJ9.yKLMBVZFIEMZDmjRpXQ-oNZg18vPgt0hJS0Dd9DGES8\"","res":"access_token:\"eyJhbGciOiJIUzI1NiIsInR5cCI6IkpXVCJ9.eyJleHAiOjE3MzQyMTg5MzgsInVzZXJuYW1lIjoibG9sb2dpbiIsInJvbGUiOiJDbGllbnQifQ.VcACp3w3FBZE6BtTOg3M50FQrBDFZq_VuZUuTJlZlBE\"","duration":0.086970915}
{"level":"info","timestamp":"2024-12-15T02:27:24.923+0300","msg":"Connected"}
{"level":"info","timestamp":"2024-12-15T02:27:25.014+0300","msg":"request","method":"/auth_v1.AuthV1/Signin","req":"username:\"lologin\" password:\"password\" role:\"Client\"","res":"refresh_token:\"eyJhbGciOiJIUzI1NiIsInR5cCI6IkpXVCJ9.eyJleHAiOjE3MzQyMjI0NDUsInVzZXJuYW1lIjoibG9sb2dpbiIsInJvbGUiOiJDbGllbnQifQ.DbD3Eext-zskggSTC4b9n-qZfHScrOfGo7eBZPEJ8so\"","duration":0.0889742}
{"level":"info","timestamp":"2024-12-15T02:27:32.344+0300","msg":"Connected"}
{"level":"info","timestamp":"2024-12-15T02:27:32.440+0300","msg":"request","method":"/auth_v1.AuthV1/Signin","req":"username:\"lologin\" password:\"password\"","res":"refresh_token:\"eyJhbGciOiJIUzI1NiIsInR5cCI6IkpXVCJ9.eyJleHAiOjE3MzQyMjI0NTIsInVzZXJuYW1lIjoibG9sb2dpbiIsInJvbGUiOiIifQ.grx335Z1KKyDbcZIjoJ94x9uwHRX7WKerZU9mxPl_5M\"","duration":0.094815158}
{"level":"info","timestamp":"2024-12-15T02:28:31.384+0300","msg":"Connected"}
{"level":"info","timestamp":"2024-12-15T02:28:31.476+0300","msg":"request","method":"/auth_v1.AuthV1/Signin","req":"username:\"lologin\" password:\"password\" role:\"Hotelier\"","res":"refresh_token:\"eyJhbGciOiJIUzI1NiIsInR5cCI6IkpXVCJ9.eyJleHAiOjE3MzQyMjI1MTEsInVzZXJuYW1lIjoibG9sb2dpbiIsInJvbGUiOiJIb3RlbGllciJ9.fcZqpWCfs4zkiXKtJ3L-UJxlfiZZWziUKUzwUh68_do\"","duration":0.089688097}
{"level":"info","timestamp":"2024-12-15T02:28:46.956+0300","msg":"Connected"}
{"level":"info","timestamp":"2024-12-15T02:28:47.053+0300","msg":"request","method":"/auth_v1.AuthV1/Signin","req":"username:\"login\" password:\"password\" role:\"Client\"","res":"refresh_token:\"eyJhbGciOiJIUzI1NiIsInR5cCI6IkpXVCJ9.eyJleHAiOjE3MzQyMjI1MjcsInVzZXJuYW1lIjoibG9naW4iLCJyb2xlIjoiQ2xpZW50In0.WKmSdr9kAP7KCI0Hafe3cUwfBktWCnfZZxLN6jtjZMA\"","duration":0.095807136}
{"level":"info","timestamp":"2024-12-15T02:29:08.445+0300","msg":"request","method":"/auth_v1.AuthV1/Login","req":"username:\"login\" password:\"password\" refresh_token:\"eyJhbGciOiJIUzI1NiIsInR5cCI6IkpXVCJ9.eyJleHAiOjE3MzQyMjI1MjcsInVzZXJuYW1lIjoibG9naW4iLCJyb2xlIjoiQ2xpZW50In0.WKmSdr9kAP7KCI0Hafe3cUwfBktWCnfZZxLN6jtjZMA\"","res":"access_token:\"eyJhbGciOiJIUzI1NiIsInR5cCI6IkpXVCJ9.eyJleHAiOjE3MzQyMTk1NDgsInVzZXJuYW1lIjoibG9naW4iLCJyb2xlIjoiQ2xpZW50In0.Z_uqjHAYW1f49g1_ytae0OP3jaQx_PrXnnrVfakAPJU\"","duration":0.087940524}
{"level":"info","timestamp":"2024-12-15T02:44:12.688+0300","msg":"Connected"}
{"level":"info","timestamp":"2024-12-15T02:44:12.796+0300","msg":"request","method":"/auth_v1.AuthV1/Signin","req":"username:\"llogin\" password:\"password\" role:\"Client\"","res":"refresh_token:\"eyJhbGciOiJIUzI1NiIsInR5cCI6IkpXVCJ9.eyJleHAiOjE3MzQyMjM0NTIsInVzZXJuYW1lIjoibGxvZ2luIiwicm9sZSI6IkNsaWVudCJ9.SA8011nNl77Sk7T-h6vQ7U9yF9uG2sm0WFEK9sDaUto\"","duration":0.106202857}
{"level":"info","timestamp":"2024-12-15T02:44:26.304+0300","msg":"request","method":"/auth_v1.AuthV1/Login","req":"username:\"llogin\" password:\"password\" refresh_token:\"eyJhbGciOiJIUzI1NiIsInR5cCI6IkpXVCJ9.eyJleHAiOjE3MzQyMjM0NTIsInVzZXJuYW1lIjoibGxvZ2luIiwicm9sZSI6IkNsaWVudCJ9.SA8011nNl77Sk7T-h6vQ7U9yF9uG2sm0WFEK9sDaUto\"","res":"access_token:\"eyJhbGciOiJIUzI1NiIsInR5cCI6IkpXVCJ9.eyJleHAiOjE3MzQyMjA0NjYsInVzZXJuYW1lIjoibGxvZ2luIiwicm9sZSI6IkNsaWVudCJ9.l5rUtd_GWuCu8MUEIivLXpidyhSjnfg_go-Pjag2M7k\"","duration":0.086939341}
{"level":"info","timestamp":"2024-12-15T02:45:16.434+0300","msg":"Access granted"}
{"level":"info","timestamp":"2024-12-15T03:04:59.578+0300","msg":"request","method":"/auth_v1.AuthV1/Login","req":"username:\"llogin\" password:\"password\" refresh_token:\"eyJhbGciOiJIUzI1NiIsInR5cCI6IkpXVCJ9.eyJleHAiOjE3MzQyMjM0NTIsInVzZXJuYW1lIjoibGxvZ2luIiwicm9sZSI6IkNsaWVudCJ9.SA8011nNl77Sk7T-h6vQ7U9yF9uG2sm0WFEK9sDaUto\"","res":"access_token:\"eyJhbGciOiJIUzI1NiIsInR5cCI6IkpXVCJ9.eyJleHAiOjE3MzQyMjE2OTksInVzZXJuYW1lIjoibGxvZ2luIiwicm9sZSI6IkNsaWVudCJ9.lM5PKcdQFzyuETv8TGa4CVOrPpwLQS89fPUKG-Qs91I\"","duration":0.102620466}
{"level":"info","timestamp":"2024-12-15T03:05:45.868+0300","msg":"Access granted"}
{"level":"info","timestamp":"2024-12-15T03:05:45.893+0300","msg":"inserted book with %d","id":3}
{"level":"error","timestamp":"2024-12-15T03:05:45.916+0300","msg":"ошибка при вызове GetInfo: %v","error":"rpc error: code = Unknown desc = no rows in result set"}
{"level":"info","timestamp":"2024-12-15T03:17:39.086+0300","msg":"something"}
{"level":"info","timestamp":"2024-12-15T03:17:59.759+0300","msg":"something"}
{"level":"info","timestamp":"2024-12-15T03:18:22.531+0300","msg":"something"}
{"level":"info","timestamp":"2024-12-15T03:18:41.328+0300","msg":"something"}
{"level":"info","timestamp":"2024-12-15T03:20:06.306+0300","msg":"Access granted"}
{"level":"info","timestamp":"2024-12-15T03:21:37.664+0300","msg":"request","method":"/auth_v1.AuthV1/Login","req":"username:\"llogin\" password:\"password\" refresh_token:\"eyJhbGciOiJIUzI1NiIsInR5cCI6IkpXVCJ9.eyJleHAiOjE3MzQyMjM0NTIsInVzZXJuYW1lIjoibGxvZ2luIiwicm9sZSI6IkNsaWVudCJ9.SA8011nNl77Sk7T-h6vQ7U9yF9uG2sm0WFEK9sDaUto\"","res":"access_token:\"eyJhbGciOiJIUzI1NiIsInR5cCI6IkpXVCJ9.eyJleHAiOjE3MzQyMjI2OTcsInVzZXJuYW1lIjoibGxvZ2luIiwicm9sZSI6IkNsaWVudCJ9.ZIQwwna61_33Xw2qlXtqA7EPRslXw2c8Nf6qxhr2iHw\"","duration":0.087040032}
{"level":"info","timestamp":"2024-12-15T03:23:02.389+0300","msg":"Access granted"}
{"level":"error","timestamp":"2024-12-15T03:23:02.427+0300","msg":"ошибка при вызове GetInfo: %v","error":"rpc error: code = Unknown desc = no rows in result set"}
{"level":"info","timestamp":"2024-12-15T03:23:02.428+0300","msg":"inserted book with %d","id":1}
{"level":"info","timestamp":"2024-12-15T03:26:30.398+0300","msg":"request","method":"/auth_v1.AuthV1/Login","req":"username:\"llogin\" password:\"password\" refresh_token:\"eyJhbGciOiJIUzI1NiIsInR5cCI6IkpXVCJ9.eyJleHAiOjE3MzQyMjM0NTIsInVzZXJuYW1lIjoibGxvZ2luIiwicm9sZSI6IkNsaWVudCJ9.SA8011nNl77Sk7T-h6vQ7U9yF9uG2sm0WFEK9sDaUto\"","res":"access_token:\"eyJhbGciOiJIUzI1NiIsInR5cCI6IkpXVCJ9.eyJleHAiOjE3MzQyMjI5OTAsInVzZXJuYW1lIjoibGxvZ2luIiwicm9sZSI6IkNsaWVudCJ9.yOMpUHR0NthKafZd_EjyTiZscNIy0bwXQ2jIAiOy8Jw\"","duration":0.127035736}
{"level":"info","timestamp":"2024-12-15T03:38:48.253+0300","msg":"request","method":"/auth_v1.AuthV1/Login","req":"username:\"llogin\" password:\"password\" refresh_token:\"eyJhbGciOiJIUzI1NiIsInR5cCI6IkpXVCJ9.eyJleHAiOjE3MzQyMjM0NTIsInVzZXJuYW1lIjoibGxvZ2luIiwicm9sZSI6IkNsaWVudCJ9.SA8011nNl77Sk7T-h6vQ7U9yF9uG2sm0WFEK9sDaUto\"","res":"access_token:\"eyJhbGciOiJIUzI1NiIsInR5cCI6IkpXVCJ9.eyJleHAiOjE3MzQyMjQzMjgsInVzZXJuYW1lIjoibGxvZ2luIiwicm9sZSI6IkNsaWVudCJ9._NsxxBeyoUw8Rsf7_MB0FdnxMZ9DRG9ncMhi1bmEw5k\"","duration":0.136494026}
{"level":"error","timestamp":"2024-12-15T03:46:22.819+0300","msg":"rpc error: code = Aborted desc = invalid refresh token","method":"/auth_v1.AuthV1/Login","req":"username:\"llogin\" password:\"password\" refresh_token:\"eyJhbGciOiJIUzI1NiIsInR5cCI6IkpXVCJ9.eyJleHAiOjE3MzQyMjM0NTIsInVzZXJuYW1lIjoibGxvZ2luIiwicm9sZSI6IkNsaWVudCJ9.SA8011nNl77Sk7T-h6vQ7U9yF9uG2sm0WFEK9sDaUto\""}
{"level":"info","timestamp":"2024-12-15T03:46:22.820+0300","msg":"request","method":"/auth_v1.AuthV1/Login","req":"username:\"llogin\" password:\"password\" refresh_token:\"eyJhbGciOiJIUzI1NiIsInR5cCI6IkpXVCJ9.eyJleHAiOjE3MzQyMjM0NTIsInVzZXJuYW1lIjoibGxvZ2luIiwicm9sZSI6IkNsaWVudCJ9.SA8011nNl77Sk7T-h6vQ7U9yF9uG2sm0WFEK9sDaUto\"","res":"<nil>","duration":0.000317752}
{"level":"error","timestamp":"2024-12-15T03:46:22.820+0300","msg":"ошибка при вызове","error":"rpc error: code = Aborted desc = invalid refresh token"}
{"level":"error","timestamp":"2024-12-15T03:46:54.132+0300","msg":"rpc error: code = Aborted desc = invalid refresh token","method":"/auth_v1.AuthV1/Login","req":"refresh_token:\"eyJhbGciOiJIUzI1NiIsInR5cCI6IkpXVCJ9.eyJleHAiOjE3MzQyMjM0NTIsInVzZXJuYW1lIjoibGxvZ2luIiwicm9sZSI6IkNsaWVudCJ9.SA8011nNl77Sk7T-h6vQ7U9yF9uG2sm0WFEK9sDaUto\""}
{"level":"info","timestamp":"2024-12-15T03:46:54.132+0300","msg":"request","method":"/auth_v1.AuthV1/Login","req":"refresh_token:\"eyJhbGciOiJIUzI1NiIsInR5cCI6IkpXVCJ9.eyJleHAiOjE3MzQyMjM0NTIsInVzZXJuYW1lIjoibGxvZ2luIiwicm9sZSI6IkNsaWVudCJ9.SA8011nNl77Sk7T-h6vQ7U9yF9uG2sm0WFEK9sDaUto\"","res":"<nil>","duration":0.000220297}
{"level":"error","timestamp":"2024-12-15T03:46:54.132+0300","msg":"ошибка при вызове","error":"rpc error: code = Aborted desc = invalid refresh token"}
{"level":"info","timestamp":"2024-12-15T03:48:00.051+0300","msg":"Connected"}
{"level":"info","timestamp":"2024-12-15T03:48:00.210+0300","msg":"request","method":"/auth_v1.AuthV1/Signin","req":"username:\"shit\" password:\"shit\" role:\"Client\"","res":"refresh_token:\"eyJhbGciOiJIUzI1NiIsInR5cCI6IkpXVCJ9.eyJleHAiOjE3MzQyMjcyODAsInVzZXJuYW1lIjoic2hpdCIsInJvbGUiOiJDbGllbnQifQ.cseGhOde1GpSwoEctO6VBYnvSCh0bBWAu7fHkR5nAe4\"","duration":0.156189554}
{"level":"info","timestamp":"2024-12-15T03:48:10.333+0300","msg":"Connected"}
{"level":"info","timestamp":"2024-12-15T03:48:10.479+0300","msg":"request","method":"/auth_v1.AuthV1/Signin","req":"username:\"shit\" password:\"shit\"","res":"refresh_token:\"eyJhbGciOiJIUzI1NiIsInR5cCI6IkpXVCJ9.eyJleHAiOjE3MzQyMjcyOTAsInVzZXJuYW1lIjoic2hpdCIsInJvbGUiOiIifQ.MfrY_qdpf57qNScAPEUbT4V6tyffOeDR6JuPvllhHwg\"","duration":0.143783878}
{"level":"info","timestamp":"2024-12-15T03:49:11.567+0300","msg":"request","method":"/auth_v1.AuthV1/Login","req":"username:\"shit\" password:\"shit\" refresh_token:\"eyJhbGciOiJIUzI1NiIsInR5cCI6IkpXVCJ9.eyJleHAiOjE3MzQyMjcyOTAsInVzZXJuYW1lIjoic2hpdCIsInJvbGUiOiIifQ.MfrY_qdpf57qNScAPEUbT4V6tyffOeDR6JuPvllhHwg\"","res":"access_token:\"eyJhbGciOiJIUzI1NiIsInR5cCI6IkpXVCJ9.eyJleHAiOjE3MzQyMjQ5NTEsInVzZXJuYW1lIjoic2hpdCIsInJvbGUiOiJDbGllbnQifQ.g_HzL7nhA3wbIuxHC4-qRNMELWUHbKYJhl_1UpcR920\"","duration":0.132017401}
{"level":"info","timestamp":"2024-12-15T03:50:02.308+0300","msg":"Access granted"}
{"level":"info","timestamp":"2024-12-15T03:50:02.319+0300","msg":"Found books %d"}
{"level":"info","timestamp":"2024-12-15T03:51:28.546+0300","msg":"Access granted"}
{"level":"error","timestamp":"2024-12-15T03:51:29.084+0300","msg":"ошибка при вызове GetInfo: %v","error":"rpc error: code = Unknown desc = no rows in result set"}
{"level":"info","timestamp":"2024-12-15T03:51:29.085+0300","msg":"inserted book with %d","id":2}
{"level":"info","timestamp":"2024-12-15T03:51:47.654+0300","msg":"Access granted"}
{"level":"info","timestamp":"2024-12-15T03:51:47.662+0300","msg":"Found books %d"}
{"level":"info","timestamp":"2024-12-15T04:53:11.949+0300","msg":"Connected"}
{"level":"info","timestamp":"2024-12-15T04:53:12.106+0300","msg":"request","method":"/auth_v1.AuthV1/Signin","req":"username:\"log\" password:\"pass\" role:\"Hotelier\"","res":"refresh_token:\"eyJhbGciOiJIUzI1NiIsInR5cCI6IkpXVCJ9.eyJleHAiOjE3MzQyMzExOTIsInVzZXJuYW1lIjoibG9nIiwicm9sZSI6IkhvdGVsaWVyIn0.QlHL2RU2r2XDJIKtExyVvd8eib6vC7hjb5CE9r6k19s\"","duration":0.152557646}
{"level":"info","timestamp":"2024-12-15T04:53:28.422+0300","msg":"request","method":"/auth_v1.AuthV1/Login","req":"username:\"log\" password:\"pass\" refresh_token:\"eyJhbGciOiJIUzI1NiIsInR5cCI6IkpXVCJ9.eyJleHAiOjE3MzQyMzExOTIsInVzZXJuYW1lIjoibG9nIiwicm9sZSI6IkhvdGVsaWVyIn0.QlHL2RU2r2XDJIKtExyVvd8eib6vC7hjb5CE9r6k19s\"","res":"access_token:\"eyJhbGciOiJIUzI1NiIsInR5cCI6IkpXVCJ9.eyJleHAiOjE3MzQyMjg4MDgsInVzZXJuYW1lIjoibG9nIiwicm9sZSI6IkhvdGVsaWVyIn0.phiKA6uEhdmp70P8gj3G7RiH9lPPoss4QRCAGtqG1_Y\"","duration":0.137327321}
{"level":"info","timestamp":"2024-12-15T13:19:43.185+0300","msg":"Connected"}
{"level":"info","timestamp":"2024-12-15T13:19:43.344+0300","msg":"request","method":"/auth_v1.AuthV1/Signin","req":"username:\"login\" password:\"pass\" role:\"Hotelier\"","res":"refresh_token:\"eyJhbGciOiJIUzI1NiIsInR5cCI6IkpXVCJ9.eyJleHAiOjE3MzQyNjE1ODMsInVzZXJuYW1lIjoibG9naW4iLCJyb2xlIjoiSG90ZWxpZXIifQ.T6cFPcv3EIy3lwNf37eQYi-iRVXNqToBISUCpvCjLB8\"","duration":0.155616839}
{"level":"info","timestamp":"2024-12-15T13:20:05.893+0300","msg":"request","method":"/auth_v1.AuthV1/Login","req":"username:\"login\" password:\"pass\" refresh_token:\"eyJhbGciOiJIUzI1NiIsInR5cCI6IkpXVCJ9.eyJleHAiOjE3MzQyNjE1ODMsInVzZXJuYW1lIjoibG9naW4iLCJyb2xlIjoiSG90ZWxpZXIifQ.T6cFPcv3EIy3lwNf37eQYi-iRVXNqToBISUCpvCjLB8\"","res":"access_token:\"eyJhbGciOiJIUzI1NiIsInR5cCI6IkpXVCJ9.eyJleHAiOjE3MzQyNTkyMDUsInVzZXJuYW1lIjoibG9naW4iLCJyb2xlIjoiSG90ZWxpZXIifQ.CNQ7jUvTS2KDnAHMC4YkKFZKbV0s3m0m0GTkfK8hik4\"","duration":0.15178426}
{"level":"info","timestamp":"2024-12-15T13:53:08.150+0300","msg":"Connected"}
{"level":"info","timestamp":"2024-12-15T13:53:08.310+0300","msg":"request","method":"/auth_v1.AuthV1/Signin","req":"username:\"login\" password:\"pass\" role:\"Hotelier\"","res":"refresh_token:\"eyJhbGciOiJIUzI1NiIsInR5cCI6IkpXVCJ9.eyJleHAiOjE3MzQyNjM1ODgsInVzZXJuYW1lIjoibG9naW4iLCJyb2xlIjoiSG90ZWxpZXIifQ.6LcGHz2bSIdY7JkQy4C1opid5NSLdjAK0TP0BNzIyP4\"","duration":0.155976937}
{"level":"info","timestamp":"2024-12-15T13:53:28.738+0300","msg":"request","method":"/auth_v1.AuthV1/Login","req":"username:\"login\" password:\"pass\" refresh_token:\"eyJhbGciOiJIUzI1NiIsInR5cCI6IkpXVCJ9.eyJleHAiOjE3MzQyNjM1ODgsInVzZXJuYW1lIjoibG9naW4iLCJyb2xlIjoiSG90ZWxpZXIifQ.6LcGHz2bSIdY7JkQy4C1opid5NSLdjAK0TP0BNzIyP4\"","res":"access_token:\"eyJhbGciOiJIUzI1NiIsInR5cCI6IkpXVCJ9.eyJleHAiOjE3MzQyNjEyMDgsInVzZXJuYW1lIjoibG9naW4iLCJyb2xlIjoiSG90ZWxpZXIifQ.o2No1AZsBnp_yRusbQU3ZecWP9Gv56IbfgjmHYJGPcY\"","duration":0.134762783}
{"level":"info","timestamp":"2024-12-15T13:55:55.059+0300","msg":"Connected"}
{"level":"info","timestamp":"2024-12-15T13:55:55.209+0300","msg":"request","method":"/auth_v1.AuthV1/Signin","req":"username:\"log\" password:\"pass\" role:\"Client\"","res":"refresh_token:\"eyJhbGciOiJIUzI1NiIsInR5cCI6IkpXVCJ9.eyJleHAiOjE3MzQyNjM3NTUsInVzZXJuYW1lIjoibG9nIiwicm9sZSI6IkNsaWVudCJ9.l4Mqhzh7D0VIZcMV4UXlKJjoaEo2k3pdpfuXDNU_ZxI\"","duration":0.149249862}
{"level":"info","timestamp":"2024-12-15T13:56:12.284+0300","msg":"request","method":"/auth_v1.AuthV1/Login","req":"username:\"log\" password:\"pass\" refresh_token:\"eyJhbGciOiJIUzI1NiIsInR5cCI6IkpXVCJ9.eyJleHAiOjE3MzQyNjM3NTUsInVzZXJuYW1lIjoibG9nIiwicm9sZSI6IkNsaWVudCJ9.l4Mqhzh7D0VIZcMV4UXlKJjoaEo2k3pdpfuXDNU_ZxI\"","res":"access_token:\"eyJhbGciOiJIUzI1NiIsInR5cCI6IkpXVCJ9.eyJleHAiOjE3MzQyNjEzNzIsInVzZXJuYW1lIjoibG9nIiwicm9sZSI6IkNsaWVudCJ9.UsWeJUI8pyc5EqlF63whDQgdAkbYkRTWKhSz6-XoZSo\"","duration":0.141469669}
{"level":"info","timestamp":"2024-12-15T13:57:09.823+0300","msg":"Access granted"}
{"level":"info","timestamp":"2024-12-15T13:57:09.864+0300","msg":"inserted book with %d","id":1}
{"level":"info","timestamp":"2024-12-15T13:57:23.485+0300","msg":"Access granted"}
{"level":"info","timestamp":"2024-12-15T13:57:23.509+0300","msg":"inserted book with %d","id":2}
{"level":"info","timestamp":"2024-12-15T13:58:08.571+0300","msg":"Access granted"}
{"level":"info","timestamp":"2024-12-15T13:58:08.597+0300","msg":"inserted book with %d","id":3}
{"level":"info","timestamp":"2024-12-15T13:58:33.749+0300","msg":"Access granted"}
{"level":"info","timestamp":"2024-12-15T13:58:33.793+0300","msg":"inserted book with %d","id":4}
{"level":"info","timestamp":"2024-12-15T13:59:53.008+0300","msg":"request","method":"/auth_v1.AuthV1/Login","req":"username:\"login\" password:\"pass\" refresh_token:\"eyJhbGciOiJIUzI1NiIsInR5cCI6IkpXVCJ9.eyJleHAiOjE3MzQyNjM1ODgsInVzZXJuYW1lIjoibG9naW4iLCJyb2xlIjoiSG90ZWxpZXIifQ.6LcGHz2bSIdY7JkQy4C1opid5NSLdjAK0TP0BNzIyP4\"","res":"access_token:\"eyJhbGciOiJIUzI1NiIsInR5cCI6IkpXVCJ9.eyJleHAiOjE3MzQyNjE1OTMsInVzZXJuYW1lIjoibG9naW4iLCJyb2xlIjoiSG90ZWxpZXIifQ.-Lk0trmULdNf6ufQ2jTA49DZVhk4znuNcQHzOd7z6-8\"","duration":0.132956572}
{"level":"info","timestamp":"2024-12-15T14:00:56.249+0300","msg":"Access granted"}
{"level":"error","timestamp":"2024-12-15T14:00:56.250+0300","msg":"ошибка при вызове GetInfo: %v","error":"rpc error: code = Unimplemented desc = unknown service hotel_v1.HotelV1"}
{"level":"error","timestamp":"2024-12-15T14:00:56.257+0300","msg":""}
{"level":"info","timestamp":"2024-12-15T14:02:44.659+0300","msg":"Access granted"}
{"level":"error","timestamp":"2024-12-15T14:02:44.660+0300","msg":"ошибка при вызове GetInfo: %v","error":"rpc error: code = Unimplemented desc = unknown service hotel_v1.HotelV1"}
{"level":"error","timestamp":"2024-12-15T14:02:44.662+0300","msg":""}
{"level":"info","timestamp":"2024-12-15T14:04:08.314+0300","msg":"Access granted"}
{"level":"error","timestamp":"2024-12-15T14:04:08.316+0300","msg":"ошибка при вызове GetInfo: %v","error":"rpc error: code = Unimplemented desc = unknown service hotel_v1.HotelV1"}
{"level":"error","timestamp":"2024-12-15T14:04:08.319+0300","msg":""}
{"level":"info","timestamp":"2024-12-15T14:06:05.517+0300","msg":"Access granted"}
{"level":"info","timestamp":"2024-12-15T14:06:05.536+0300","msg":"Found books %d"}
{"level":"info","timestamp":"2024-12-15T14:06:48.997+0300","msg":"request","method":"/auth_v1.AuthV1/Login","req":"username:\"log\" password:\"pass\" refresh_token:\"eyJhbGciOiJIUzI1NiIsInR5cCI6IkpXVCJ9.eyJleHAiOjE3MzQyNjM3NTUsInVzZXJuYW1lIjoibG9nIiwicm9sZSI6IkNsaWVudCJ9.l4Mqhzh7D0VIZcMV4UXlKJjoaEo2k3pdpfuXDNU_ZxI\"","res":"access_token:\"eyJhbGciOiJIUzI1NiIsInR5cCI6IkpXVCJ9.eyJleHAiOjE3MzQyNjIwMDgsInVzZXJuYW1lIjoibG9nIiwicm9sZSI6IkNsaWVudCJ9.jmiIVQ-DkHC1_tnQpOUDgmmG-Y2HjwTl0P5NDjknfPM\"","duration":0.088929337}
{"level":"info","timestamp":"2024-12-15T14:07:15.577+0300","msg":"Access granted"}
{"level":"info","timestamp":"2024-12-15T14:07:15.585+0300","msg":"Found books %d"}
{"level":"info","timestamp":"2024-12-15T17:13:11.648+0300","msg":"Connected"}
{"level":"error","timestamp":"2024-12-15T17:13:11.653+0300","msg":"ошибка при вызове:","error":"rpc error: code = Unavailable desc = error reading from server: EOF"}
{"level":"info","timestamp":"2024-12-15T17:14:07.022+0300","msg":"Connected"}
{"level":"error","timestamp":"2024-12-15T17:14:07.022+0300","msg":"ошибка при вызове:","error":"rpc error: code = Unavailable desc = connection error: desc = \"transport: Error while dialing: dial tcp 127.0.0.1:50054: connect: connection refused\""}
{"level":"info","timestamp":"2024-12-15T17:17:13.082+0300","msg":"Connected"}
{"level":"info","timestamp":"2024-12-15T17:17:13.151+0300","msg":"request","method":"/auth_v1.AuthV1/Signin","req":"username:\"vital\" password:\"1234\" role:\"Hotelier\"","res":"refresh_token:\"eyJhbGciOiJIUzI1NiIsInR5cCI6IkpXVCJ9.eyJleHAiOjE3MzQyNzU4MzMsInVzZXJuYW1lIjoidml0YWwiLCJyb2xlIjoiSG90ZWxpZXIifQ.2J7-loJDJpoUoU7SxOlOpQiEafMK3JX6nq6eo3BWycU\"","duration":0.06722788}
{"level":"info","timestamp":"2024-12-15T17:25:54.980+0300","msg":"Connected"}
{"level":"info","timestamp":"2024-12-15T17:25:55.045+0300","msg":"request","method":"/auth_v1.AuthV1/Signin","req":"username:\"vital\"  password:\"1234\"  role:\"Hotelier\"","res":"refresh_token:\"eyJhbGciOiJIUzI1NiIsInR5cCI6IkpXVCJ9.eyJleHAiOjE3MzQyNzYzNTUsInVzZXJuYW1lIjoidml0YWwiLCJyb2xlIjoiSG90ZWxpZXIifQ.gESweQ30Qdn0XUv4YJ095I5FqSZ71GMbd72QUO8gVzk\"","duration":0.064169042}
{"level":"info","timestamp":"2024-12-15T17:32:57.441+0300","msg":"Connected"}
{"level":"info","timestamp":"2024-12-15T17:32:57.504+0300","msg":"request","method":"/auth_v1.AuthV1/Signin","req":"username:\"vital1\"  password:\"1234\"  role:\"Hotelier\"","res":"refresh_token:\"eyJhbGciOiJIUzI1NiIsInR5cCI6IkpXVCJ9.eyJleHAiOjE3MzQyNzY3NzcsInVzZXJuYW1lIjoidml0YWwxIiwicm9sZSI6IkhvdGVsaWVyIn0.pgtAjvhF4__pB3M1fAlmVWpMtLKWEtpceAYkE4q4vnA\"","duration":0.062860232}
{"level":"info","timestamp":"2024-12-15T17:34:15.671+0300","msg":"request","method":"/auth_v1.AuthV1/Login","req":"username:\"vital1\"  password:\"1234\"  refresh_token:\"eyJhbGciOiJIUzI1NiIsInR5cCI6IkpXVCJ9.eyJleHAiOjE3MzQyNzY3NzcsInVzZXJuYW1lIjoidml0YWwxIiwicm9sZSI6IkhvdGVsaWVyIn0.pgtAjvhF4__pB3M1fAlmVWpMtLKWEtpceAYkE4q4vnA\"","res":"access_token:\"eyJhbGciOiJIUzI1NiIsInR5cCI6IkpXVCJ9.eyJleHAiOjE3MzQyNzQ0NTUsInVzZXJuYW1lIjoidml0YWwxIiwicm9sZSI6IkhvdGVsaWVyIn0.DUQWSqPkkqGYhVApk_a4zq3tlt2Ll8TtN_pxJwZ68Ko\"","duration":0.06221182}
{"level":"error","timestamp":"2024-12-15T17:37:54.894+0300","msg":"rpc error: code = Unavailable desc = error reading from server: EOF","op":"hotel.handlers.save"}
{"level":"info","timestamp":"2024-12-15T17:37:54.894+0300","msg":"decoding request body...","op":"hotel.handlers.save"}
{"level":"info","timestamp":"2024-12-15T17:37:54.894+0300","msg":"request body decoded","op":"hotel.handlers.save","request":{"info":{"name":"Kaptri","location":"Sevastopol","price":20000},"access_token":"eyJhbGciOiJIUzI1NiIsInR5cCI6IkpXVCJ9.eyJleHAiOjE3MzQyNzQ0NTUsInVzZXJuYW1lIjoidml0YWwxIiwicm9sZSI6IkhvdGVsaWVyIn0.DUQWSqPkkqGYhVApk_a4zq3tlt2Ll8TtN_pxJwZ68Ko"}}
{"level":"info","timestamp":"2024-12-15T17:37:54.894+0300","msg":"validating request body...","op":"hotel.handlers.save"}
{"level":"info","timestamp":"2024-12-15T17:37:54.894+0300","msg":"","op":"hotel.handlers.save"}
{"level":"error","timestamp":"2024-12-15T17:37:54.901+0300","msg":"failed to save hotel","op":"hotel.handlers.save","error":"ERROR: column \"username\" of relation \"hotels\" does not exist (SQLSTATE 42703)"}
{"level":"info","timestamp":"2024-12-15T17:47:10.066+0300","msg":"Connected"}
{"level":"info","timestamp":"2024-12-15T17:47:10.130+0300","msg":"request","method":"/auth_v1.AuthV1/Signin","req":"username:\"vital\"  password:\"1234\"  role:\"Hotelier\"","res":"refresh_token:\"eyJhbGciOiJIUzI1NiIsInR5cCI6IkpXVCJ9.eyJleHAiOjE3MzQyNzc2MzAsInVzZXJuYW1lIjoidml0YWwiLCJyb2xlIjoiSG90ZWxpZXIifQ.LL5-3tqhALTm4NME5RwAIIbfZkqpNZFeYoSvSnCiaVo\"","duration":0.063223688}
{"level":"error","timestamp":"2024-12-15T17:47:19.046+0300","msg":"no rows in result set","method":"/auth_v1.AuthV1/Login","req":"username:\"vital1\"  password:\"1234\"  refresh_token:\"eyJhbGciOiJIUzI1NiIsInR5cCI6IkpXVCJ9.eyJleHAiOjE3MzQyNzc2MzAsInVzZXJuYW1lIjoidml0YWwiLCJyb2xlIjoiSG90ZWxpZXIifQ.LL5-3tqhALTm4NME5RwAIIbfZkqpNZFeYoSvSnCiaVo\""}
{"level":"info","timestamp":"2024-12-15T17:47:19.046+0300","msg":"request","method":"/auth_v1.AuthV1/Login","req":"username:\"vital1\"  password:\"1234\"  refresh_token:\"eyJhbGciOiJIUzI1NiIsInR5cCI6IkpXVCJ9.eyJleHAiOjE3MzQyNzc2MzAsInVzZXJuYW1lIjoidml0YWwiLCJyb2xlIjoiSG90ZWxpZXIifQ.LL5-3tqhALTm4NME5RwAIIbfZkqpNZFeYoSvSnCiaVo\"","res":"<nil>","duration":0.001300372}
{"level":"error","timestamp":"2024-12-15T17:47:19.046+0300","msg":"ошибка при вызове","error":"rpc error: code = Unknown desc = no rows in result set"}
{"level":"error","timestamp":"2024-12-15T17:47:54.611+0300","msg":"no rows in result set","method":"/auth_v1.AuthV1/Login","req":"username:\"vital1\"  password:\"1234\"  refresh_token:\"eyJhbGciOiJIUzI1NiIsInR5cCI6IkpXVCJ9.eyJleHAiOjE3MzQyNzc2MzAsInVzZXJuYW1lIjoidml0YWwiLCJyb2xlIjoiSG90ZWxpZXIifQ.LL5-3tqhALTm4NME5RwAIIbfZkqpNZFeYoSvSnCiaVo\""}
{"level":"info","timestamp":"2024-12-15T17:47:54.611+0300","msg":"request","method":"/auth_v1.AuthV1/Login","req":"username:\"vital1\"  password:\"1234\"  refresh_token:\"eyJhbGciOiJIUzI1NiIsInR5cCI6IkpXVCJ9.eyJleHAiOjE3MzQyNzc2MzAsInVzZXJuYW1lIjoidml0YWwiLCJyb2xlIjoiSG90ZWxpZXIifQ.LL5-3tqhALTm4NME5RwAIIbfZkqpNZFeYoSvSnCiaVo\"","res":"<nil>","duration":0.001117016}
{"level":"error","timestamp":"2024-12-15T17:47:54.612+0300","msg":"ошибка при вызове","error":"rpc error: code = Unknown desc = no rows in result set"}
{"level":"info","timestamp":"2024-12-15T17:48:19.597+0300","msg":"request","method":"/auth_v1.AuthV1/Login","req":"username:\"vital\"  password:\"1234\"  refresh_token:\"eyJhbGciOiJIUzI1NiIsInR5cCI6IkpXVCJ9.eyJleHAiOjE3MzQyNzc2MzAsInVzZXJuYW1lIjoidml0YWwiLCJyb2xlIjoiSG90ZWxpZXIifQ.LL5-3tqhALTm4NME5RwAIIbfZkqpNZFeYoSvSnCiaVo\"","res":"access_token:\"eyJhbGciOiJIUzI1NiIsInR5cCI6IkpXVCJ9.eyJleHAiOjE3MzQyNzUyOTksInVzZXJuYW1lIjoidml0YWwiLCJyb2xlIjoiSG90ZWxpZXIifQ.RcgRT5AJjX1aOaH_NEwdi2fqd7_hq85QGvevzyGKx0c\"","duration":0.05946137}
{"level":"error","timestamp":"2024-12-15T17:48:34.935+0300","msg":"rpc error: code = Unavailable desc = error reading from server: EOF","op":"hotel.handlers.save"}
{"level":"info","timestamp":"2024-12-15T17:48:34.935+0300","msg":"decoding request body...","op":"hotel.handlers.save"}
{"level":"info","timestamp":"2024-12-15T17:48:34.935+0300","msg":"request body decoded","op":"hotel.handlers.save","request":{"info":{"name":"Kaptri","location":"Sevastopol","price":20000},"access_token":"eyJhbGciOiJIUzI1NiIsInR5cCI6IkpXVCJ9.eyJleHAiOjE3MzQyNzUyOTksInVzZXJuYW1lIjoidml0YWwiLCJyb2xlIjoiSG90ZWxpZXIifQ.RcgRT5AJjX1aOaH_NEwdi2fqd7_hq85QGvevzyGKx0c"}}
{"level":"info","timestamp":"2024-12-15T17:48:34.935+0300","msg":"validating request body...","op":"hotel.handlers.save"}
{"level":"info","timestamp":"2024-12-15T17:48:34.935+0300","msg":"","op":"hotel.handlers.save"}
{"level":"info","timestamp":"2024-12-15T17:48:34.942+0300","msg":"hotel successfully saved","op":"hotel.handlers.save","hotel":"Kaptri"}
{"level":"error","timestamp":"2024-12-15T17:48:51.174+0300","msg":"rpc error: code = Unavailable desc = connection error: desc = \"transport: Error while dialing: dial tcp 127.0.0.1:50055: connect: connection refused\"","op":"hotel.handlers.save"}
{"level":"info","timestamp":"2024-12-15T17:48:51.174+0300","msg":"decoding request body...","op":"hotel.handlers.save"}
{"level":"info","timestamp":"2024-12-15T17:48:51.174+0300","msg":"request body decoded","op":"hotel.handlers.save","request":{"info":{"name":"Mriya","location":"Sevastopol","price":20000},"access_token":"eyJhbGciOiJIUzI1NiIsInR5cCI6IkpXVCJ9.eyJleHAiOjE3MzQyNzUyOTksInVzZXJuYW1lIjoidml0YWwiLCJyb2xlIjoiSG90ZWxpZXIifQ.RcgRT5AJjX1aOaH_NEwdi2fqd7_hq85QGvevzyGKx0c"}}
{"level":"info","timestamp":"2024-12-15T17:48:51.174+0300","msg":"validating request body...","op":"hotel.handlers.save"}
{"level":"info","timestamp":"2024-12-15T17:48:51.174+0300","msg":"","op":"hotel.handlers.save"}
{"level":"info","timestamp":"2024-12-15T17:48:51.177+0300","msg":"hotel successfully saved","op":"hotel.handlers.save","hotel":"Mriya"}
{"level":"info","timestamp":"2024-12-15T17:52:30.266+0300","msg":"Connected"}
{"level":"info","timestamp":"2024-12-15T17:52:30.327+0300","msg":"request","method":"/auth_v1.AuthV1/Signin","req":"username:\"andrey\"  password:\"1234\"  role:\"Client\"","res":"refresh_token:\"eyJhbGciOiJIUzI1NiIsInR5cCI6IkpXVCJ9.eyJleHAiOjE3MzQyNzc5NTAsInVzZXJuYW1lIjoiYW5kcmV5Iiwicm9sZSI6IkNsaWVudCJ9.QD5E8T6PIpZRgUhw9TLzoLS7p-wIGMBy4Bf2wMbDCbw\"","duration":0.060445111}
{"level":"info","timestamp":"2024-12-15T17:52:40.127+0300","msg":"request","method":"/auth_v1.AuthV1/Login","req":"username:\"andrey\"  password:\"1234\"  refresh_token:\"eyJhbGciOiJIUzI1NiIsInR5cCI6IkpXVCJ9.eyJleHAiOjE3MzQyNzc5NTAsInVzZXJuYW1lIjoiYW5kcmV5Iiwicm9sZSI6IkNsaWVudCJ9.QD5E8T6PIpZRgUhw9TLzoLS7p-wIGMBy4Bf2wMbDCbw\"","res":"access_token:\"eyJhbGciOiJIUzI1NiIsInR5cCI6IkpXVCJ9.eyJleHAiOjE3MzQyNzU1NjAsInVzZXJuYW1lIjoiYW5kcmV5Iiwicm9sZSI6IkNsaWVudCJ9.-jnpHD90WT8Bcrgv9p0QzSzg7C2zF5uKA7DbMUk8Ddw\"","duration":0.058560808}
{"level":"info","timestamp":"2024-12-15T18:04:42.467+0300","msg":"request","method":"/auth_v1.AuthV1/Login","req":"username:\"vital\"  password:\"1234\"  refresh_token:\"eyJhbGciOiJIUzI1NiIsInR5cCI6IkpXVCJ9.eyJleHAiOjE3MzQyNzc2MzAsInVzZXJuYW1lIjoidml0YWwiLCJyb2xlIjoiSG90ZWxpZXIifQ.LL5-3tqhALTm4NME5RwAIIbfZkqpNZFeYoSvSnCiaVo\"","res":"access_token:\"eyJhbGciOiJIUzI1NiIsInR5cCI6IkpXVCJ9.eyJleHAiOjE3MzQyNzYyODIsInVzZXJuYW1lIjoidml0YWwiLCJyb2xlIjoiSG90ZWxpZXIifQ.hnE_c65iKGBsEiCtYK4qEFwy76o0pW1CmEjLbbXvMEU\"","duration":0.057936263}
{"level":"info","timestamp":"2024-12-15T18:05:21.928+0300","msg":"decoding request body...","op":"hotel.handlers.save"}
{"level":"info","timestamp":"2024-12-15T18:05:21.928+0300","msg":"request body decoded","op":"hotel.handlers.save","request":{"info":{"name":"Mriya","location":"Sevastopol","price":20000},"access_token":"eyJhbGciOiJIUzI1NiIsInR5cCI6IkpXVCJ9.eyJleHAiOjE3MzQyNzYyODIsInVzZXJuYW1lIjoidml0YWwiLCJyb2xlIjoiSG90ZWxpZXIifQ.hnE_c65iKGBsEiCtYK4qEFwy76o0pW1CmEjLbbXvMEU"}}
{"level":"info","timestamp":"2024-12-15T18:05:21.928+0300","msg":"validating request body...","op":"hotel.handlers.save"}
{"level":"info","timestamp":"2024-12-15T18:05:21.928+0300","msg":"vital","op":"hotel.handlers.save"}
{"level":"info","timestamp":"2024-12-15T18:05:21.934+0300","msg":"hotel successfully saved","op":"hotel.handlers.save","hotel":"Mriya"}
{"level":"info","timestamp":"2024-12-15T18:06:11.363+0300","msg":"decoding request body...","op":"hotel.handlers.save"}
{"level":"info","timestamp":"2024-12-15T18:06:11.363+0300","msg":"request body decoded","op":"hotel.handlers.save","request":{"info":{"name":"Kaptri","location":"Sevastopol","price":20000},"access_token":"eyJhbGciOiJIUzI1NiIsInR5cCI6IkpXVCJ9.eyJleHAiOjE3MzQyNzYyODIsInVzZXJuYW1lIjoidml0YWwiLCJyb2xlIjoiSG90ZWxpZXIifQ.hnE_c65iKGBsEiCtYK4qEFwy76o0pW1CmEjLbbXvMEU"}}
{"level":"info","timestamp":"2024-12-15T18:06:11.363+0300","msg":"validating request body...","op":"hotel.handlers.save"}
{"level":"info","timestamp":"2024-12-15T18:06:11.363+0300","msg":"vital","op":"hotel.handlers.save"}
{"level":"info","timestamp":"2024-12-15T18:06:11.366+0300","msg":"hotel successfully saved","op":"hotel.handlers.save","hotel":"Kaptri"}
{"level":"info","timestamp":"2024-12-15T18:06:24.030+0300","msg":"request","method":"/auth_v1.AuthV1/Login","req":"username:\"andrey\"  password:\"1234\"  refresh_token:\"eyJhbGciOiJIUzI1NiIsInR5cCI6IkpXVCJ9.eyJleHAiOjE3MzQyNzc5NTAsInVzZXJuYW1lIjoiYW5kcmV5Iiwicm9sZSI6IkNsaWVudCJ9.QD5E8T6PIpZRgUhw9TLzoLS7p-wIGMBy4Bf2wMbDCbw\"","res":"access_token:\"eyJhbGciOiJIUzI1NiIsInR5cCI6IkpXVCJ9.eyJleHAiOjE3MzQyNzYzODQsInVzZXJuYW1lIjoiYW5kcmV5Iiwicm9sZSI6IkNsaWVudCJ9.2TL8JMSg0h-8V-CJsTpcuml4L7GXqAWKRCiyz1-yvmY\"","duration":0.058697893}
{"level":"info","timestamp":"2024-12-15T18:06:37.165+0300","msg":"Access granted"}
{"level":"info","timestamp":"2024-12-15T18:06:37.183+0300","msg":"getting hotel info...","op":"hotel.handlers.save"}
{"level":"info","timestamp":"2024-12-15T18:06:37.188+0300","msg":"requested successfully","method":"/hotel_v1.HotelV1/GetInfo","req":"id:1","res":"hotel:{name:\"Mriya\" location:\"Sevastopol\" price:20000}","duration":0.004930304}
{"level":"info","timestamp":"2024-12-15T18:06:37.188+0300","msg":"inserted book with %d","id":1}
{"level":"info","timestamp":"2024-12-15T18:08:16.900+0300","msg":"Access granted"}
{"level":"info","timestamp":"2024-12-15T18:08:16.907+0300","msg":"getting hotel info...","op":"hotel.handlers.save"}
{"level":"info","timestamp":"2024-12-15T18:08:16.909+0300","msg":"requested successfully","method":"/hotel_v1.HotelV1/GetInfo","req":"id:2","res":"hotel:{name:\"Kaptri\" location:\"Sevastopol\" price:20000}","duration":0.001409538}
{"level":"info","timestamp":"2024-12-15T18:08:16.909+0300","msg":"inserted book with %d","id":2}
{"level":"info","timestamp":"2024-12-15T18:10:21.656+0300","msg":"Access granted"}
{"level":"error","timestamp":"2024-12-15T18:10:21.662+0300","msg":"ошибка при вызове GetInfo: %v","error":"rpc error: code = Unavailable desc = error reading from server: EOF"}
{"level":"info","timestamp":"2024-12-15T18:13:16.809+0300","msg":"Access granted"}
{"level":"error","timestamp":"2024-12-15T18:13:16.813+0300","msg":"ошибка при вызове GetInfo: %v","error":"rpc error: code = Unavailable desc = error reading from server: EOF"}
{"level":"info","timestamp":"2024-12-15T18:13:54.999+0300","msg":"Access granted"}
{"level":"info","timestamp":"2024-12-15T18:13:55.000+0300","msg":"getting hotel info...","op":"hotel.handlers.save"}
{"level":"info","timestamp":"2024-12-15T18:13:55.005+0300","msg":"requested successfully","method":"/hotel_v1.HotelV1/GetId","req":"username:\"vital\"","res":"id:1 id:2","duration":0.005504261}
{"level":"info","timestamp":"2024-12-15T18:13:55.014+0300","msg":"Found books %d"}
{"level":"info","timestamp":"2024-12-15T18:15:13.883+0300","msg":"Access granted"}
{"level":"info","timestamp":"2024-12-15T18:15:13.884+0300","msg":"getting hotel info...","op":"hotel.handlers.save"}
{"level":"info","timestamp":"2024-12-15T18:15:13.885+0300","msg":"requested successfully","method":"/hotel_v1.HotelV1/GetId","req":"username:\"vital\"","res":"id:1 id:2","duration":0.001446352}
{"level":"info","timestamp":"2024-12-15T18:15:13.887+0300","msg":"Found books %d"}
{"level":"info","timestamp":"2024-12-15T18:15:31.254+0300","msg":"Access granted"}
{"level":"info","timestamp":"2024-12-15T18:15:31.254+0300","msg":"getting hotel info...","op":"hotel.handlers.save"}
{"level":"info","timestamp":"2024-12-15T18:15:31.256+0300","msg":"requested successfully","method":"/hotel_v1.HotelV1/GetId","req":"username:\"vital\"","res":"id:1 id:2","duration":0.001407516}
{"level":"info","timestamp":"2024-12-15T18:15:31.260+0300","msg":"Found books %d"}
{"level":"info","timestamp":"2024-12-15T18:18:14.436+0300","msg":"Access granted"}
{"level":"info","timestamp":"2024-12-15T18:18:14.437+0300","msg":"getting hotel info...","op":"hotel.handlers.save"}
{"level":"info","timestamp":"2024-12-15T18:18:14.438+0300","msg":"requested successfully","method":"/hotel_v1.HotelV1/GetId","req":"username:\"andrey\"","res":"","duration":0.001475769}
{"level":"info","timestamp":"2024-12-15T18:18:14.441+0300","msg":"Found books %d"}
{"level":"info","timestamp":"2024-12-15T23:45:04.479+0300","msg":"Serving swagger file: /api.booking.swagger.json"}
{"level":"info","timestamp":"2024-12-16T00:34:51.441+0300","msg":"Serving swagger file: /api.booking.swagger.json"}
{"level":"info","timestamp":"2024-12-16T00:36:48.870+0300","msg":"Serving swagger file: /api.booking.swagger.json"}
{"level":"info","timestamp":"2024-12-16T00:38:22.899+0300","msg":"Serving swagger file: /api.booking.swagger.json"}
{"level":"info","timestamp":"2024-12-16T00:38:25.167+0300","msg":"Serving swagger file: /api.booking.swagger.json"}
{"level":"info","timestamp":"2024-12-16T00:38:36.647+0300","msg":"Serving swagger file: /api.booking.swagger.json"}
{"level":"info","timestamp":"2024-12-16T00:39:10.477+0300","msg":"Serving swagger file: /api.booking.swagger.json"}
{"level":"info","timestamp":"2024-12-16T00:39:19.108+0300","msg":"Serving swagger file: /api.booking.swagger.json"}
{"level":"info","timestamp":"2024-12-16T00:39:44.058+0300","msg":"Serving swagger file: /api.booking.swagger.json"}
{"level":"info","timestamp":"2024-12-16T00:39:45.081+0300","msg":"Serving swagger file: /api.booking.swagger.json"}
{"level":"info","timestamp":"2024-12-16T00:39:46.141+0300","msg":"Serving swagger file: /api.booking.swagger.json"}
{"level":"info","timestamp":"2024-12-16T00:39:46.796+0300","msg":"Serving swagger file: /api.booking.swagger.json"}
{"level":"info","timestamp":"2024-12-16T00:39:47.361+0300","msg":"Serving swagger file: /api.booking.swagger.json"}
{"level":"info","timestamp":"2024-12-16T00:39:47.502+0300","msg":"Serving swagger file: /api.booking.swagger.json"}
{"level":"info","timestamp":"2024-12-16T00:39:47.636+0300","msg":"Serving swagger file: /api.booking.swagger.json"}
{"level":"info","timestamp":"2024-12-16T00:39:47.778+0300","msg":"Serving swagger file: /api.booking.swagger.json"}
{"level":"info","timestamp":"2024-12-16T00:39:55.002+0300","msg":"Serving swagger file: /api.booking.swagger.json"}
{"level":"info","timestamp":"2024-12-16T00:40:05.231+0300","msg":"Serving swagger file: /api.booking.swagger.json"}
{"level":"info","timestamp":"2024-12-16T00:40:17.753+0300","msg":"Serving swagger file: /api.booking.swagger.json"}
{"level":"info","timestamp":"2024-12-16T00:40:18.605+0300","msg":"Serving swagger file: /api.booking.swagger.json"}
{"level":"info","timestamp":"2024-12-16T00:40:38.190+0300","msg":"Serving swagger file: /api.booking.swagger.json"}
{"level":"info","timestamp":"2024-12-16T00:40:39.040+0300","msg":"Serving swagger file: /api.booking.swagger.json"}
{"level":"info","timestamp":"2024-12-16T00:40:55.777+0300","msg":"Serving swagger file: /api.booking.swagger.json"}
{"level":"info","timestamp":"2024-12-16T00:40:57.557+0300","msg":"Serving swagger file: /api.booking.swagger.json"}
{"level":"info","timestamp":"2024-12-16T00:40:58.707+0300","msg":"Serving swagger file: /api.booking.swagger.json"}
{"level":"info","timestamp":"2024-12-16T00:41:57.658+0300","msg":"Serving swagger file: /api.booking.swagger.json"}
{"level":"info","timestamp":"2024-12-16T00:42:00.281+0300","msg":"Serving swagger file: /api.booking.swagger.json"}
{"level":"info","timestamp":"2024-12-16T00:42:29.807+0300","msg":"Connected"}
{"level":"info","timestamp":"2024-12-16T00:42:29.918+0300","msg":"request","method":"/auth_v1.AuthV1/Signin","req":"username:\"string\"  password:\"string\"  role:\"string\"","res":"refresh_token:\"eyJhbGciOiJIUzI1NiIsInR5cCI6IkpXVCJ9.eyJleHAiOjE3MzQzMDI1NDksInVzZXJuYW1lIjoic3RyaW5nIiwicm9sZSI6InN0cmluZyJ9.3QdnBPY3Zh3wV8HJ0ZfTTQM6MnCRAi7mbMWhN8h-tfE\"","duration":0.109654969}
{"level":"info","timestamp":"2024-12-16T00:42:52.184+0300","msg":"Serving swagger file: /api.booking.swagger.json"}
{"level":"info","timestamp":"2024-12-16T00:42:53.166+0300","msg":"Serving swagger file: /api.booking.swagger.json"}
{"level":"info","timestamp":"2024-12-16T00:43:23.859+0300","msg":"Serving swagger file: /api.booking.swagger.json"}
{"level":"info","timestamp":"2024-12-16T00:43:27.301+0300","msg":"Serving swagger file: /api.booking.swagger.json"}
{"level":"info","timestamp":"2024-12-16T00:44:36.574+0300","msg":"Serving swagger file: /api.booking.swagger.json"}
{"level":"info","timestamp":"2024-12-16T00:44:38.149+0300","msg":"Serving swagger file: /api.booking.swagger.json"}
{"level":"info","timestamp":"2024-12-16T00:44:38.423+0300","msg":"Serving swagger file: /api.booking.swagger.json"}
{"level":"info","timestamp":"2024-12-16T00:45:09.586+0300","msg":"Serving swagger file: /api.booking.swagger.json"}
{"level":"info","timestamp":"2024-12-16T00:45:19.686+0300","msg":"Serving swagger file: /api.booking.swagger.json"}
{"level":"info","timestamp":"2024-12-16T00:45:20.303+0300","msg":"Serving swagger file: /api.booking.swagger.json"}
{"level":"info","timestamp":"2024-12-16T00:45:20.484+0300","msg":"Serving swagger file: /api.booking.swagger.json"}
{"level":"info","timestamp":"2024-12-16T00:45:20.708+0300","msg":"Serving swagger file: /api.booking.swagger.json"}
{"level":"info","timestamp":"2024-12-16T00:45:20.926+0300","msg":"Serving swagger file: /api.booking.swagger.json"}
{"level":"info","timestamp":"2024-12-16T00:45:37.751+0300","msg":"Serving swagger file: /api.booking.swagger.json"}
{"level":"info","timestamp":"2024-12-16T00:46:13.074+0300","msg":"Serving swagger file: /api.booking.swagger.json"}
{"level":"info","timestamp":"2024-12-16T00:46:13.771+0300","msg":"Serving swagger file: /api.booking.swagger.json"}
{"level":"info","timestamp":"2024-12-16T00:49:44.839+0300","msg":"Serving swagger file: /api.booking.swagger.json"}
{"level":"info","timestamp":"2024-12-16T00:50:31.035+0300","msg":"Serving swagger file: /api.booking.swagger.json"}
{"level":"info","timestamp":"2024-12-16T00:50:32.705+0300","msg":"Serving swagger file: /api.booking.swagger.json"}
{"level":"info","timestamp":"2024-12-16T00:50:33.692+0300","msg":"Serving swagger file: /api.booking.swagger.json"}
{"level":"info","timestamp":"2024-12-16T00:51:57.424+0300","msg":"Serving swagger file: /api.booking.swagger.json"}
{"level":"info","timestamp":"2024-12-16T00:51:59.532+0300","msg":"Serving swagger file: /api.booking.swagger.json"}
{"level":"info","timestamp":"2024-12-16T00:51:59.743+0300","msg":"Serving swagger file: /api.booking.swagger.json"}
{"level":"info","timestamp":"2024-12-16T00:51:59.952+0300","msg":"Serving swagger file: /api.booking.swagger.json"}
{"level":"info","timestamp":"2024-12-16T00:53:13.348+0300","msg":"Serving swagger file: /api.booking.swagger.json"}
{"level":"info","timestamp":"2024-12-16T00:55:25.567+0300","msg":"Serving swagger file: /api.booking.swagger.json"}
{"level":"info","timestamp":"2024-12-16T01:02:46.066+0300","msg":"Connected"}
{"level":"info","timestamp":"2024-12-16T01:02:46.253+0300","msg":"request","method":"/auth_v1.AuthV1/Signin","req":"username:\"string\"  password:\"string\"  role:\"string\"","res":"refresh_token:\"eyJhbGciOiJIUzI1NiIsInR5cCI6IkpXVCJ9.eyJleHAiOjE3MzQzMDM3NjYsInVzZXJuYW1lIjoic3RyaW5nIiwicm9sZSI6InN0cmluZyJ9.t02iLZ5Ufmo9uWRlpZmyRU-2dHkmWPmPnAsu6wPonWA\"","duration":0.175619195}
{"level":"info","timestamp":"2024-12-16T01:09:48.044+0300","msg":"Serving swagger file: /api.booking.swagger.json"}
{"level":"info","timestamp":"2024-12-16T01:09:53.106+0300","msg":"Connected"}
{"level":"info","timestamp":"2024-12-16T01:09:53.287+0300","msg":"request","method":"/auth_v1.AuthV1/Signin","req":"username:\"string\"  password:\"string\"  role:\"string\"","res":"refresh_token:\"eyJhbGciOiJIUzI1NiIsInR5cCI6IkpXVCJ9.eyJleHAiOjE3MzQzMDQxOTMsInVzZXJuYW1lIjoic3RyaW5nIiwicm9sZSI6InN0cmluZyJ9.1MYNHrJjj7KXwBG2sK8yfMmIF5xBrmhMtTCB9v8VuTA\"","duration":0.171379786}
{"level":"info","timestamp":"2024-12-16T01:23:54.333+0300","msg":"Serving swagger file: /api.booking.swagger.json"}
{"level":"info","timestamp":"2024-12-16T01:24:40.518+0300","msg":"Serving swagger file: /api.booking.swagger.json"}
{"level":"info","timestamp":"2024-12-16T01:25:49.282+0300","msg":"Serving swagger file: /api.booking.swagger.json"}
{"level":"info","timestamp":"2024-12-16T01:26:32.233+0300","msg":"Serving swagger file: /api.booking.swagger.json"}
{"level":"info","timestamp":"2024-12-16T01:26:41.967+0300","msg":"Serving swagger file: /api.booking.swagger.json"}
{"level":"info","timestamp":"2024-12-16T01:32:24.599+0300","msg":"Serving swagger file: /api.booking.swagger.json"}
{"level":"info","timestamp":"2024-12-16T01:33:03.206+0300","msg":"Serving swagger file: /api.booking.swagger.json"}
{"level":"info","timestamp":"2024-12-16T01:33:05.287+0300","msg":"Serving swagger file: /api.booking.swagger.json"}
{"level":"info","timestamp":"2024-12-16T01:33:09.042+0300","msg":"Serving swagger file: /api.booking.swagger.json"}
{"level":"info","timestamp":"2024-12-16T01:36:04.476+0300","msg":"Serving swagger file: /api.booking.swagger.json"}
{"level":"info","timestamp":"2024-12-16T01:40:54.936+0300","msg":"Serving swagger file: /api.booking.api.hotel.swagger.json"}
{"level":"info","timestamp":"2024-12-16T01:41:20.224+0300","msg":"Serving swagger file: /api.booking.api.hotel.swagger.json"}
{"level":"info","timestamp":"2024-12-16T01:41:21.060+0300","msg":"Serving swagger file: /api.booking.api.hotel.swagger.json"}
{"level":"info","timestamp":"2024-12-16T01:41:21.879+0300","msg":"Serving swagger file: /api.booking.api.hotel.swagger.json"}
{"level":"info","timestamp":"2024-12-16T01:41:24.363+0300","msg":"Serving swagger file: /api.booking.api.hotel.swagger.json"}
{"level":"info","timestamp":"2024-12-16T01:41:26.695+0300","msg":"Serving swagger file: /api.booking.api.hotel.swagger.json"}
{"level":"info","timestamp":"2024-12-16T01:43:17.573+0300","msg":"Serving swagger file: /api.booking.api.hotel.swagger.json"}
{"level":"info","timestamp":"2024-12-16T01:45:16.415+0300","msg":"Serving swagger file: /api.booking.swagger.json"}
{"level":"info","timestamp":"2024-12-16T01:45:25.315+0300","msg":"Serving swagger file: /api.booking.swagger.json"}
{"level":"info","timestamp":"2024-12-16T01:48:01.183+0300","msg":"Serving swagger file: /api.booking.swagger.json"}
{"level":"info","timestamp":"2024-12-16T01:48:53.764+0300","msg":"Serving swagger file: /api.hotel.swagger.json"}
{"level":"info","timestamp":"2024-12-16T01:49:31.923+0300","msg":"Serving swagger file: /api.booking.swagger.json"}
{"level":"info","timestamp":"2024-12-16T01:49:49.574+0300","msg":"Connected"}
{"level":"error","timestamp":"2024-12-16T01:49:49.575+0300","msg":"ошибка при вызове:","error":"rpc error: code = Unavailable desc = connection error: desc = \"transport: Error while dialing: dial tcp 127.0.0.1:50054: connect: connection refused\""}
{"level":"info","timestamp":"2024-12-16T01:49:49.579+0300","msg":"Connected"}
{"level":"error","timestamp":"2024-12-16T01:49:49.583+0300","msg":"ошибка при вызове:","error":"rpc error: code = Unavailable desc = connection error: desc = \"transport: Error while dialing: dial tcp 127.0.0.1:50054: connect: connection refused\""}
{"level":"info","timestamp":"2024-12-16T01:50:02.798+0300","msg":"Serving swagger file: /api.hotel.swagger.json"}
{"level":"info","timestamp":"2024-12-16T01:50:07.224+0300","msg":"Serving swagger file: /api.booking.swagger.json"}
{"level":"info","timestamp":"2024-12-16T01:51:02.446+0300","msg":"Connected"}
{"level":"error","timestamp":"2024-12-16T01:51:02.446+0300","msg":"ошибка при вызове:","error":"rpc error: code = Unavailable desc = connection error: desc = \"transport: Error while dialing: dial tcp 127.0.0.1:50054: connect: connection refused\""}
{"level":"info","timestamp":"2024-12-16T01:51:02.449+0300","msg":"Connected"}
{"level":"error","timestamp":"2024-12-16T01:51:02.449+0300","msg":"ошибка при вызове:","error":"rpc error: code = Unavailable desc = connection error: desc = \"transport: Error while dialing: dial tcp 127.0.0.1:50054: connect: connection refused\""}
{"level":"info","timestamp":"2024-12-16T01:51:25.000+0300","msg":"Connected"}
{"level":"info","timestamp":"2024-12-16T01:51:25.148+0300","msg":"request","method":"/auth_v1.AuthV1/Signin","req":"username:\"string\"  password:\"string\"  role:\"Hotelier\"","res":"refresh_token:\"eyJhbGciOiJIUzI1NiIsInR5cCI6IkpXVCJ9.eyJleHAiOjE3MzQzMDY2ODUsInVzZXJuYW1lIjoic3RyaW5nIiwicm9sZSI6IkhvdGVsaWVyIn0.mFwVAmu832dQe7GhZRx5qh3xa7WAAcrnV43JX06qnmU\"","duration":0.143624151}
{"level":"info","timestamp":"2024-12-16T02:06:29.348+0300","msg":"Serving swagger file: /api.booking.swagger.json"}
{"level":"info","timestamp":"2024-12-16T02:06:31.911+0300","msg":"Serving swagger file: /api.hotel.swagger.json"}
{"level":"info","timestamp":"2024-12-16T02:06:38.029+0300","msg":"Serving swagger file: /api.booking.swagger.json"}
{"level":"info","timestamp":"2024-12-16T02:07:02.740+0300","msg":"Connected"}
{"level":"info","timestamp":"2024-12-16T02:07:02.899+0300","msg":"request","method":"/auth_v1.AuthV1/Signin","req":"username:\"str\"  password:\"string\"  role:\"Hotelier\"","res":"refresh_token:\"eyJhbGciOiJIUzI1NiIsInR5cCI6IkpXVCJ9.eyJleHAiOjE3MzQzMDc2MjIsInVzZXJuYW1lIjoic3RyIiwicm9sZSI6IkhvdGVsaWVyIn0.QX79jlip87H1zNCo9DFEoEKQ3Q_bnq2H3YgeFehmgcg\"","duration":0.156622568}
{"level":"error","timestamp":"2024-12-16T02:07:16.853+0300","msg":"ERROR: relation \"auth\" does not exist (SQLSTATE 42P01)","method":"/auth_v1.AuthV1/Login","req":"username:\"str\"  password:\"string\"  refresh_token:\"eyJhbGciOiJIUzI1NiIsInR5cCI6IkpXVCJ9.eyJleHAiOjE3MzQzMDc2MjIsInVzZXJuYW1lIjoic3RyIiwicm9sZSI6IkhvdGVsaWVyIn0.QX79jlip87H1zNCo9DFEoEKQ3Q_bnq2H3YgeFehmgcg\""}
{"level":"info","timestamp":"2024-12-16T02:07:16.854+0300","msg":"request","method":"/auth_v1.AuthV1/Login","req":"username:\"str\"  password:\"string\"  refresh_token:\"eyJhbGciOiJIUzI1NiIsInR5cCI6IkpXVCJ9.eyJleHAiOjE3MzQzMDc2MjIsInVzZXJuYW1lIjoic3RyIiwicm9sZSI6IkhvdGVsaWVyIn0.QX79jlip87H1zNCo9DFEoEKQ3Q_bnq2H3YgeFehmgcg\"","res":"<nil>","duration":0.005755454}
{"level":"error","timestamp":"2024-12-16T02:07:16.855+0300","msg":"ошибка при вызове","error":"rpc error: code = Unknown desc = ERROR: relation \"auth\" does not exist (SQLSTATE 42P01)"}
{"level":"error","timestamp":"2024-12-16T02:07:16.890+0300","msg":"ERROR: relation \"auth\" does not exist (SQLSTATE 42P01)","method":"/auth_v1.AuthV1/Login","req":"username:\"str\"  password:\"string\"  refresh_token:\"eyJhbGciOiJIUzI1NiIsInR5cCI6IkpXVCJ9.eyJleHAiOjE3MzQzMDc2MjIsInVzZXJuYW1lIjoic3RyIiwicm9sZSI6IkhvdGVsaWVyIn0.QX79jlip87H1zNCo9DFEoEKQ3Q_bnq2H3YgeFehmgcg\""}
{"level":"info","timestamp":"2024-12-16T02:07:16.890+0300","msg":"request","method":"/auth_v1.AuthV1/Login","req":"username:\"str\"  password:\"string\"  refresh_token:\"eyJhbGciOiJIUzI1NiIsInR5cCI6IkpXVCJ9.eyJleHAiOjE3MzQzMDc2MjIsInVzZXJuYW1lIjoic3RyIiwicm9sZSI6IkhvdGVsaWVyIn0.QX79jlip87H1zNCo9DFEoEKQ3Q_bnq2H3YgeFehmgcg\"","res":"<nil>","duration":0.019275246}
{"level":"error","timestamp":"2024-12-16T02:07:16.891+0300","msg":"ошибка при вызове","error":"rpc error: code = Unknown desc = ERROR: relation \"auth\" does not exist (SQLSTATE 42P01)"}
{"level":"info","timestamp":"2024-12-16T02:11:56.672+0300","msg":"Serving swagger file: /api.booking.swagger.json"}
{"level":"info","timestamp":"2024-12-16T02:12:14.483+0300","msg":"Connected"}
{"level":"info","timestamp":"2024-12-16T02:12:14.693+0300","msg":"request","method":"/auth_v1.AuthV1/Signin","req":"username:\"nado\"  password:\"string\"  role:\"Hotelier\"","res":"refresh_token:\"eyJhbGciOiJIUzI1NiIsInR5cCI6IkpXVCJ9.eyJleHAiOjE3MzQzMDc5MzQsInVzZXJuYW1lIjoibmFkbyIsInJvbGUiOiJIb3RlbGllciJ9.FWFcYs3hXXpv0g-B2nflgQT2wMeqzthSAOIhoKzzX-Q\"","duration":0.205680451}
{"level":"info","timestamp":"2024-12-16T02:12:39.684+0300","msg":"request","method":"/auth_v1.AuthV1/Login","req":"username:\"nado\"  password:\"string\"  refresh_token:\"eyJhbGciOiJIUzI1NiIsInR5cCI6IkpXVCJ9.eyJleHAiOjE3MzQzMDc5MzQsInVzZXJuYW1lIjoibmFkbyIsInJvbGUiOiJIb3RlbGllciJ9.FWFcYs3hXXpv0g-B2nflgQT2wMeqzthSAOIhoKzzX-Q\"","res":"access_token:\"eyJhbGciOiJIUzI1NiIsInR5cCI6IkpXVCJ9.eyJleHAiOjE3MzQzMDU1NTksInVzZXJuYW1lIjoibmFkbyIsInJvbGUiOiJIb3RlbGllciJ9.U5Oquc-0-Lozq8we-GWJ2yD9Ms7lEjr-4sB7Krvbj_E\"","duration":0.151034414}
{"level":"info","timestamp":"2024-12-16T02:13:20.097+0300","msg":"decoding request body...","op":"hotel.handlers.save"}
{"level":"info","timestamp":"2024-12-16T02:13:20.097+0300","msg":"request body decoded","op":"hotel.handlers.save","request":{"info":{"name":"string","location":"string","price":100},"access_token":"eyJhbGciOiJIUzI1NiIsInR5cCI6IkpXVCJ9.eyJleHAiOjE3MzQzMDU1NTksInVzZXJuYW1lIjoibmFkbyIsInJvbGUiOiJIb3RlbGllciJ9.U5Oquc-0-Lozq8we-GWJ2yD9Ms7lEjr-4sB7Krvbj_E"}}
{"level":"info","timestamp":"2024-12-16T02:13:20.098+0300","msg":"validating request body...","op":"hotel.handlers.save"}
{"level":"info","timestamp":"2024-12-16T02:13:20.098+0300","msg":"nado","op":"hotel.handlers.save"}
{"level":"error","timestamp":"2024-12-16T02:13:20.110+0300","msg":"failed to save hotel","op":"hotel.handlers.save","error":"ERROR: column \"username\" of relation \"hotels\" does not exist (SQLSTATE 42703)"}
{"level":"info","timestamp":"2024-12-16T02:14:34.344+0300","msg":"Connected"}
{"level":"info","timestamp":"2024-12-16T02:14:34.514+0300","msg":"request","method":"/auth_v1.AuthV1/Signin","req":"username:\"nad\"  password:\"string\"  role:\"Hotelier\"","res":"refresh_token:\"eyJhbGciOiJIUzI1NiIsInR5cCI6IkpXVCJ9.eyJleHAiOjE3MzQzMDgwNzQsInVzZXJuYW1lIjoibmFkIiwicm9sZSI6IkhvdGVsaWVyIn0.1zpbSu6h-xUXaStOI8sJE3m-AhcfG6V72HlejRyliAg\"","duration":0.168316002}
{"level":"info","timestamp":"2024-12-16T02:14:49.754+0300","msg":"request","method":"/auth_v1.AuthV1/Login","req":"username:\"nad\"  password:\"string\"  refresh_token:\"eyJhbGciOiJIUzI1NiIsInR5cCI6IkpXVCJ9.eyJleHAiOjE3MzQzMDgwNzQsInVzZXJuYW1lIjoibmFkIiwicm9sZSI6IkhvdGVsaWVyIn0.1zpbSu6h-xUXaStOI8sJE3m-AhcfG6V72HlejRyliAg\"","res":"access_token:\"eyJhbGciOiJIUzI1NiIsInR5cCI6IkpXVCJ9.eyJleHAiOjE3MzQzMDU2ODksInVzZXJuYW1lIjoibmFkIiwicm9sZSI6IkhvdGVsaWVyIn0.rQkpC-5JWV3jNpYPaxkAH9dbkU9HTK0KvInjg0TIUqc\"","duration":0.148096749}
{"level":"info","timestamp":"2024-12-16T02:15:09.517+0300","msg":"decoding request body...","op":"hotel.handlers.save"}
{"level":"info","timestamp":"2024-12-16T02:15:09.517+0300","msg":"request body decoded","op":"hotel.handlers.save","request":{"info":{"name":"string","location":"string","price":100},"access_token":"eyJhbGciOiJIUzI1NiIsInR5cCI6IkpXVCJ9.eyJleHAiOjE3MzQzMDU2ODksInVzZXJuYW1lIjoibmFkIiwicm9sZSI6IkhvdGVsaWVyIn0.rQkpC-5JWV3jNpYPaxkAH9dbkU9HTK0KvInjg0TIUqc"}}
{"level":"info","timestamp":"2024-12-16T02:15:09.517+0300","msg":"validating request body...","op":"hotel.handlers.save"}
{"level":"info","timestamp":"2024-12-16T02:15:09.518+0300","msg":"nad","op":"hotel.handlers.save"}
{"level":"info","timestamp":"2024-12-16T02:15:09.546+0300","msg":"hotel successfully saved","op":"hotel.handlers.save","hotel":"string"}
{"level":"info","timestamp":"2024-12-16T02:33:49.752+0300","msg":"Serving swagger file: /api.booking.swagger.json"}
{"level":"info","timestamp":"2024-12-16T02:34:09.781+0300","msg":"Serving swagger file: /api.hotel.swagger.json"}
{"level":"info","timestamp":"2024-12-16T02:34:47.892+0300","msg":"Serving swagger file: /api.hotel.swagger.json"}
{"level":"info","timestamp":"2024-12-16T02:38:15.420+0300","msg":"Connected"}
{"level":"info","timestamp":"2024-12-16T02:38:15.509+0300","msg":"request","method":"/auth_v1.AuthV1/Signin","req":"username:\"Matvey\" password:\"1234\" role:\"Hotelier\"","res":"refresh_token:\"eyJhbGciOiJIUzI1NiIsInR5cCI6IkpXVCJ9.eyJleHAiOjE3MzQzMDk0OTUsInVzZXJuYW1lIjoiTWF0dmV5Iiwicm9sZSI6IkhvdGVsaWVyIn0.gZE6nghGxkX5hSdB0Ho7515l8hNeP0mbdg3tbst69zc\"","duration":0.065910602}
{"level":"info","timestamp":"2024-12-16T02:38:32.948+0300","msg":"request","method":"/auth_v1.AuthV1/Login","req":"username:\"Matvey\" password:\"1234\" refresh_token:\"eyJhbGciOiJIUzI1NiIsInR5cCI6IkpXVCJ9.eyJleHAiOjE3MzQzMDk0OTUsInVzZXJuYW1lIjoiTWF0dmV5Iiwicm9sZSI6IkhvdGVsaWVyIn0.gZE6nghGxkX5hSdB0Ho7515l8hNeP0mbdg3tbst69zc\"","res":"access_token:\"eyJhbGciOiJIUzI1NiIsInR5cCI6IkpXVCJ9.eyJleHAiOjE3MzQzMDcxMTIsInVzZXJuYW1lIjoiTWF0dmV5Iiwicm9sZSI6IkhvdGVsaWVyIn0.YmuyCL2fY59RGLVX6tvwAa5LUgqyhZI31pu6Q43CTOM\"","duration":0.067670184}
{"level":"info","timestamp":"2024-12-16T02:39:37.066+0300","msg":"Connected"}
{"level":"info","timestamp":"2024-12-16T02:39:37.136+0300","msg":"request","method":"/auth_v1.AuthV1/Signin","req":"username:\"Matvey4\" password:\"1234\" role:\"Hotelier\"","res":"refresh_token:\"eyJhbGciOiJIUzI1NiIsInR5cCI6IkpXVCJ9.eyJleHAiOjE3MzQzMDk1NzcsInVzZXJuYW1lIjoiTWF0dmV5NCIsInJvbGUiOiJIb3RlbGllciJ9.1MfQIFKnhjMBiVuM-z7KDIoXazNFSddpyMl0ddpr6iI\"","duration":0.0688086}
{"level":"error","timestamp":"2024-12-16T02:39:46.070+0300","msg":"no rows in result set","method":"/auth_v1.AuthV1/Login","req":"username:\"Matvey2\" password:\"1234\" refresh_token:\"eyJhbGciOiJIUzI1NiIsInR5cCI6IkpXVCJ9.eyJleHAiOjE3MzQzMDk1NzcsInVzZXJuYW1lIjoiTWF0dmV5NCIsInJvbGUiOiJIb3RlbGllciJ9.1MfQIFKnhjMBiVuM-z7KDIoXazNFSddpyMl0ddpr6iI\""}
{"level":"info","timestamp":"2024-12-16T02:39:46.070+0300","msg":"request","method":"/auth_v1.AuthV1/Login","req":"username:\"Matvey2\" password:\"1234\" refresh_token:\"eyJhbGciOiJIUzI1NiIsInR5cCI6IkpXVCJ9.eyJleHAiOjE3MzQzMDk1NzcsInVzZXJuYW1lIjoiTWF0dmV5NCIsInJvbGUiOiJIb3RlbGllciJ9.1MfQIFKnhjMBiVuM-z7KDIoXazNFSddpyMl0ddpr6iI\"","res":"<nil>","duration":0.001472807}
{"level":"error","timestamp":"2024-12-16T02:39:46.070+0300","msg":"ошибка при вызове","error":"rpc error: code = Unknown desc = no rows in result set"}
{"level":"info","timestamp":"2024-12-16T02:39:55.725+0300","msg":"request","method":"/auth_v1.AuthV1/Login","req":"username:\"Matvey4\" password:\"1234\" refresh_token:\"eyJhbGciOiJIUzI1NiIsInR5cCI6IkpXVCJ9.eyJleHAiOjE3MzQzMDk1NzcsInVzZXJuYW1lIjoiTWF0dmV5NCIsInJvbGUiOiJIb3RlbGllciJ9.1MfQIFKnhjMBiVuM-z7KDIoXazNFSddpyMl0ddpr6iI\"","res":"access_token:\"eyJhbGciOiJIUzI1NiIsInR5cCI6IkpXVCJ9.eyJleHAiOjE3MzQzMDcxOTUsInVzZXJuYW1lIjoiTWF0dmV5NCIsInJvbGUiOiJIb3RlbGllciJ9._h5R6xlaHcGIk8zGkPcsamsWeRd_XMheabsZpCdUIW8\"","duration":0.064586856}
{"level":"info","timestamp":"2024-12-16T02:48:58.227+0300","msg":"Connected"}
{"level":"info","timestamp":"2024-12-16T02:48:58.294+0300","msg":"request","method":"/auth_v1.AuthV1/Signin","req":"username:\"andruha229\" password:\"1234\" role:\"Client\"","res":"refresh_token:\"eyJhbGciOiJIUzI1NiIsInR5cCI6IkpXVCJ9.eyJleHAiOjE3MzQzMTAxMzgsInVzZXJuYW1lIjoiYW5kcnVoYTIyOSIsInJvbGUiOiJDbGllbnQifQ.o9v1-HJlrEwQNdgHP6cdnuuSvyAvinvyxqaw9UnjXq4\"","duration":0.063816367}
{"level":"info","timestamp":"2024-12-16T02:49:13.076+0300","msg":"request","method":"/auth_v1.AuthV1/Login","req":"username:\"andruha229\" password:\"1234\" refresh_token:\"eyJhbGciOiJIUzI1NiIsInR5cCI6IkpXVCJ9.eyJleHAiOjE3MzQzMTAxMzgsInVzZXJuYW1lIjoiYW5kcnVoYTIyOSIsInJvbGUiOiJDbGllbnQifQ.o9v1-HJlrEwQNdgHP6cdnuuSvyAvinvyxqaw9UnjXq4\"","res":"access_token:\"eyJhbGciOiJIUzI1NiIsInR5cCI6IkpXVCJ9.eyJleHAiOjE3MzQzMDc3NTMsInVzZXJuYW1lIjoiYW5kcnVoYTIyOSIsInJvbGUiOiJDbGllbnQifQ.AZNdem99h4i6X99pUFziARtvlEqDhlnwHqVdGsSmWCI\"","duration":0.057559927}
{"level":"error","timestamp":"2024-12-16T02:49:21.445+0300","msg":"rpc error: code = Unavailable desc = error reading from server: EOF","op":"hotel.handlers.save"}
{"level":"info","timestamp":"2024-12-16T02:49:21.445+0300","msg":"decoding request body...","op":"hotel.handlers.save"}
{"level":"info","timestamp":"2024-12-16T02:49:21.445+0300","msg":"request body decoded","op":"hotel.handlers.save","request":{"info":{"name":"Kaptris","location":"Sevastopol","price":20000},"access_token":"eyJhbGciOiJIUzI1NiIsInR5cCI6IkpXVCJ9.eyJleHAiOjE3MzQzMDc3NTMsInVzZXJuYW1lIjoiYW5kcnVoYTIyOSIsInJvbGUiOiJDbGllbnQifQ.AZNdem99h4i6X99pUFziARtvlEqDhlnwHqVdGsSmWCI"}}
{"level":"info","timestamp":"2024-12-16T02:49:21.445+0300","msg":"validating request body...","op":"hotel.handlers.save"}
{"level":"info","timestamp":"2024-12-16T02:49:21.445+0300","msg":"","op":"hotel.handlers.save"}
{"level":"info","timestamp":"2024-12-16T02:49:21.450+0300","msg":"hotel successfully saved","op":"hotel.handlers.save","hotel":"Kaptris"}
{"level":"info","timestamp":"2024-12-16T02:52:43.146+0300","msg":"Access granted"}
{"level":"info","timestamp":"2024-12-16T02:52:43.153+0300","msg":"getting hotel info...","op":"hotel.handlers.save"}
{"level":"info","timestamp":"2024-12-16T02:52:43.155+0300","msg":"requested successfully","method":"/hotel_v1.HotelV1/GetInfo","req":"id:11","res":"hotel:{name:\"Kaptris\" location:\"Sevastopol\" price:20000}","duration":0.002848537}
{"level":"info","timestamp":"2024-12-16T02:52:43.156+0300","msg":"inserted book with %d","id":13}
{"level":"info","timestamp":"2024-12-16T03:10:32.484+0300","msg":"request","method":"/auth_v1.AuthV1/Login","req":"username:\"andruha229\"  password:\"1234\"  refresh_token:\"eyJhbGciOiJIUzI1NiIsInR5cCI6IkpXVCJ9.eyJleHAiOjE3MzQzMTAxMzgsInVzZXJuYW1lIjoiYW5kcnVoYTIyOSIsInJvbGUiOiJDbGllbnQifQ.o9v1-HJlrEwQNdgHP6cdnuuSvyAvinvyxqaw9UnjXq4\"","res":"access_token:\"eyJhbGciOiJIUzI1NiIsInR5cCI6IkpXVCJ9.eyJleHAiOjE3MzQzMDkwMzIsInVzZXJuYW1lIjoiYW5kcnVoYTIyOSIsInJvbGUiOiJDbGllbnQifQ.GMsEIXliEXpJ3T1buiIKuEBBEHWIgBwdxk2zLjr079I\"","duration":0.065683866}
{"level":"info","timestamp":"2024-12-16T03:10:43.432+0300","msg":"Access granted"}
{"level":"info","timestamp":"2024-12-16T03:10:43.442+0300","msg":"getting hotel info...","op":"hotel.GetInfo"}
{"level":"info","timestamp":"2024-12-16T03:10:43.445+0300","msg":"requested successfully","method":"/hotel_v1.HotelV1/GetInfo","req":"id:11","res":"hotel:{name:\"Kaptris\"  location:\"Sevastopol\"  price:20000}","duration":0.003393282}
{"level":"info","timestamp":"2024-12-16T03:10:43.446+0300","msg":"inserted book with %d","id":14}
{"level":"info","timestamp":"2024-12-16T03:11:16.916+0300","msg":"Serving swagger file: /api.booking.swagger.json"}
{"level":"info","timestamp":"2024-12-16T03:13:03.376+0300","msg":"Connected"}
{"level":"info","timestamp":"2024-12-16T03:13:03.442+0300","msg":"request","method":"/auth_v1.AuthV1/Signin","req":"username:\"smb\"  password:\"1234\"  role:\"Hotelier\"","res":"refresh_token:\"eyJhbGciOiJIUzI1NiIsInR5cCI6IkpXVCJ9.eyJleHAiOjE3MzQzMTE1ODMsInVzZXJuYW1lIjoic21iIiwicm9sZSI6IkhvdGVsaWVyIn0.UqzQOOFMNChdJnDrirBfjeM_YCUz1eOQ43SHPDDdNpc\"","duration":0.064753561}
{"level":"info","timestamp":"2024-12-16T03:13:25.887+0300","msg":"request","method":"/auth_v1.AuthV1/Login","req":"username:\"smb\"  password:\"1234\"  refresh_token:\"eyJhbGciOiJIUzI1NiIsInR5cCI6IkpXVCJ9.eyJleHAiOjE3MzQzMTE1ODMsInVzZXJuYW1lIjoic21iIiwicm9sZSI6IkhvdGVsaWVyIn0.UqzQOOFMNChdJnDrirBfjeM_YCUz1eOQ43SHPDDdNpc\"","res":"access_token:\"eyJhbGciOiJIUzI1NiIsInR5cCI6IkpXVCJ9.eyJleHAiOjE3MzQzMDkyMDUsInVzZXJuYW1lIjoic21iIiwicm9sZSI6IkhvdGVsaWVyIn0.D-H04lKtI-w14GFyfi-uqfqtihpNS3xpY6itcRgZgrA\"","duration":0.072049026}
{"level":"info","timestamp":"2024-12-16T03:16:23.637+0300","msg":"decoding request body...","op":"hotel.Save"}
{"level":"info","timestamp":"2024-12-16T03:16:23.637+0300","msg":"request body decoded","op":"hotel.Save","request":{"info":{"name":"Best","location":"Crimea","price":5000},"access_token":"eyJhbGciOiJIUzI1NiIsInR5cCI6IkpXVCJ9.eyJleHAiOjE3MzQzMDkyMDUsInVzZXJuYW1lIjoic21iIiwicm9sZSI6IkhvdGVsaWVyIn0.D-H04lKtI-w14GFyfi-uqfqtihpNS3xpY6itcRgZgrA"}}
{"level":"info","timestamp":"2024-12-16T03:16:23.638+0300","msg":"validating request body...","op":"hotel.Save"}
{"level":"info","timestamp":"2024-12-16T03:16:23.638+0300","msg":"smb","op":"hotel.Save"}
{"level":"info","timestamp":"2024-12-16T03:16:23.644+0300","msg":"hotel successfully saved","op":"hotel.Save","hotel":"Best"}
{"level":"info","timestamp":"2024-12-16T03:18:21.000+0300","msg":"Access granted"}
{"level":"info","timestamp":"2024-12-16T03:18:21.001+0300","msg":"getting hotel id...","op":"hotel.GetId"}
{"level":"info","timestamp":"2024-12-16T03:18:21.003+0300","msg":"requested successfully","method":"/hotel_v1.HotelV1/GetId","req":"username:\"smb\"","res":"id:13","duration":0.0022659}
{"level":"info","timestamp":"2024-12-16T03:18:21.006+0300","msg":"Found books %d"}
{"level":"info","timestamp":"2024-12-16T03:20:02.007+0300","msg":"Access granted"}
{"level":"info","timestamp":"2024-12-16T03:20:02.008+0300","msg":"getting hotel id...","op":"hotel.GetId"}
{"level":"info","timestamp":"2024-12-16T03:20:02.010+0300","msg":"requested successfully","method":"/hotel_v1.HotelV1/GetId","req":"username:\"smb\"","res":"id:13","duration":0.002018086}
{"level":"info","timestamp":"2024-12-16T03:20:02.013+0300","msg":"Found books %d"}
{"level":"info","timestamp":"2024-12-16T03:22:07.895+0300","msg":"Connected"}
{"level":"info","timestamp":"2024-12-16T03:22:07.960+0300","msg":"request","method":"/auth_v1.AuthV1/Signin","req":"username:\"smb2\"  password:\"1234\"  role:\"Client\"","res":"refresh_token:\"eyJhbGciOiJIUzI1NiIsInR5cCI6IkpXVCJ9.eyJleHAiOjE3MzQzMTIxMjcsInVzZXJuYW1lIjoic21iMiIsInJvbGUiOiJDbGllbnQifQ.TiIUFtwtNCXfx3lqDYEwX1rPTifcUE-3B4ZA0_NJdx4\"","duration":0.064529475}
{"level":"info","timestamp":"2024-12-16T03:22:28.513+0300","msg":"request","method":"/auth_v1.AuthV1/Login","req":"username:\"smb2\"  password:\"1234\"  refresh_token:\"eyJhbGciOiJIUzI1NiIsInR5cCI6IkpXVCJ9.eyJleHAiOjE3MzQzMTIxMjcsInVzZXJuYW1lIjoic21iMiIsInJvbGUiOiJDbGllbnQifQ.TiIUFtwtNCXfx3lqDYEwX1rPTifcUE-3B4ZA0_NJdx4\"","res":"access_token:\"eyJhbGciOiJIUzI1NiIsInR5cCI6IkpXVCJ9.eyJleHAiOjE3MzQzMDk3NDgsInVzZXJuYW1lIjoic21iMiIsInJvbGUiOiJDbGllbnQifQ.iHVMDgEiDT7zZ_J4eoGIm8KKbptrEnBtkvwubUZF2n8\"","duration":0.074661472}
{"level":"info","timestamp":"2024-12-16T03:22:49.302+0300","msg":"Access granted"}
{"level":"info","timestamp":"2024-12-16T03:22:49.308+0300","msg":"getting hotel info...","op":"hotel.GetInfo"}
{"level":"info","timestamp":"2024-12-16T03:22:49.310+0300","msg":"requested successfully","method":"/hotel_v1.HotelV1/GetInfo","req":"id:11","res":"hotel:{name:\"Kaptris\"  location:\"Sevastopol\"  price:20000}","duration":0.001750687}
{"level":"info","timestamp":"2024-12-16T03:22:49.310+0300","msg":"inserted book with %d","id":15}
{"level":"info","timestamp":"2024-12-16T03:23:41.404+0300","msg":"Access granted"}
{"level":"info","timestamp":"2024-12-16T03:23:41.413+0300","msg":"getting hotel info...","op":"hotel.GetInfo"}
{"level":"info","timestamp":"2024-12-16T03:23:41.415+0300","msg":"requested successfully","method":"/hotel_v1.HotelV1/GetInfo","req":"id:13","res":"hotel:{name:\"Best\"  location:\"Crimea\"  price:5000}","duration":0.001810721}
{"level":"info","timestamp":"2024-12-16T03:23:41.415+0300","msg":"inserted book with %d","id":16}
{"level":"info","timestamp":"2024-12-16T03:24:18.517+0300","msg":"Access granted"}
{"level":"info","timestamp":"2024-12-16T03:24:18.517+0300","msg":"getting hotel id...","op":"hotel.GetId"}
{"level":"info","timestamp":"2024-12-16T03:24:18.519+0300","msg":"requested successfully","method":"/hotel_v1.HotelV1/GetId","req":"username:\"smb2\"","res":"","duration":0.001528854}
{"level":"info","timestamp":"2024-12-16T03:24:18.526+0300","msg":"Found books %d"}
{"level":"info","timestamp":"2024-12-16T03:25:43.024+0300","msg":"decoding request body...","op":"hotel.getHotels"}
{"level":"info","timestamp":"2024-12-16T03:25:43.024+0300","msg":"request body decoded","op":"hotel.getHotels","request":{"access_token":"eyJhbGciOiJIUzI1NiIsInR5cCI6IkpXVCJ9.eyJleHAiOjE3MzQzMDk3NDgsInVzZXJuYW1lIjoic21iMiIsInJvbGUiOiJDbGllbnQifQ.iHVMDgEiDT7zZ_J4eoGIm8KKbptrEnBtkvwubUZF2n8"}}
{"level":"info","timestamp":"2024-12-16T03:25:43.025+0300","msg":"validating request body...","op":"hotel.getHotels"}
{"level":"info","timestamp":"2024-12-16T03:25:43.025+0300","msg":"getting hotels...","op":"hotel.getHotels"}
{"level":"info","timestamp":"2024-12-16T03:40:52.851+0300","msg":"Connected"}
{"level":"info","timestamp":"2024-12-16T03:40:52.976+0300","msg":"request","method":"/auth_v1.AuthV1/Signin","req":"username:\"login\"  password:\"1234228\"  role:\"Hotelier\"","res":"refresh_token:\"eyJhbGciOiJIUzI1NiIsInR5cCI6IkpXVCJ9.eyJleHAiOjE3MzQzMTMyNTIsInVzZXJuYW1lIjoibG9naW4iLCJyb2xlIjoiSG90ZWxpZXIifQ.P_3UvQPDC7uo3cu-odVsgYYF5tvHHZjLt5YY04G8nNE\"","duration":0.123614962}
{"level":"info","timestamp":"2024-12-16T03:41:24.683+0300","msg":"Connected"}
{"level":"info","timestamp":"2024-12-16T03:41:24.758+0300","msg":"request","method":"/auth_v1.AuthV1/Signin","req":"username:\"login\"  password:\"1234228\"  role:\"Hotelier\"","res":"refresh_token:\"eyJhbGciOiJIUzI1NiIsInR5cCI6IkpXVCJ9.eyJleHAiOjE3MzQzMTMyODQsInVzZXJuYW1lIjoibG9naW4iLCJyb2xlIjoiSG90ZWxpZXIifQ.Auw8V6d5A2hVaVDx3ZluLEP0f3HvFXQL0E75XrQeWas\"","duration":0.074080141}
{"level":"info","timestamp":"2024-12-16T03:42:18.740+0300","msg":"Connected"}
{"level":"info","timestamp":"2024-12-16T03:42:18.825+0300","msg":"request","method":"/auth_v1.AuthV1/Signin","req":"username:\"login\"  password:\"1234228\"  role:\"Hotelier\"","res":"refresh_token:\"eyJhbGciOiJIUzI1NiIsInR5cCI6IkpXVCJ9.eyJleHAiOjE3MzQzMTMzMzgsInVzZXJuYW1lIjoibG9naW4iLCJyb2xlIjoiSG90ZWxpZXIifQ.CfiYe3KojWk4yEnmeyJ5OQuOYYl1BdRZ-ICTTXh1qtI\"","duration":0.084046377}
{"level":"info","timestamp":"2024-12-16T03:42:32.848+0300","msg":"request","method":"/auth_v1.AuthV1/Login","req":"username:\"login\"  password:\"1234228\"  refresh_token:\"eyJhbGciOiJIUzI1NiIsInR5cCI6IkpXVCJ9.eyJleHAiOjE3MzQzMTMzMzgsInVzZXJuYW1lIjoibG9naW4iLCJyb2xlIjoiSG90ZWxpZXIifQ.CfiYe3KojWk4yEnmeyJ5OQuOYYl1BdRZ-ICTTXh1qtI\"","res":"access_token:\"eyJhbGciOiJIUzI1NiIsInR5cCI6IkpXVCJ9.eyJleHAiOjE3MzQzMTA5NTIsInVzZXJuYW1lIjoibG9naW4iLCJyb2xlIjoiSG90ZWxpZXIifQ.XS1Ty_2NUyN-7abiBDH6n6j0Oxzu7VCCqyrIfwHX1Ac\"","duration":0.068929043}
{"level":"info","timestamp":"2024-12-16T03:44:09.079+0300","msg":"Connected"}
{"level":"info","timestamp":"2024-12-16T03:44:09.161+0300","msg":"request","method":"/auth_v1.AuthV1/Signin","req":"username:\"Login\"  password:\"1234228\"  role:\"Hotelier\"","res":"refresh_token:\"eyJhbGciOiJIUzI1NiIsInR5cCI6IkpXVCJ9.eyJleHAiOjE3MzQzMTM0NDksInVzZXJuYW1lIjoiTG9naW4iLCJyb2xlIjoiSG90ZWxpZXIifQ.XPcZX-mTNlu5K9d4rJOJSP_DyB3LACGnHp_V251GmI0\"","duration":0.081485874}
{"level":"info","timestamp":"2024-12-16T03:44:56.863+0300","msg":"Connected"}
{"level":"info","timestamp":"2024-12-16T03:44:56.947+0300","msg":"request","method":"/auth_v1.AuthV1/Signin","req":"username:\"Login\"  password:\"1234228\"  role:\"Hotelier\"","res":"refresh_token:\"eyJhbGciOiJIUzI1NiIsInR5cCI6IkpXVCJ9.eyJleHAiOjE3MzQzMTM0OTYsInVzZXJuYW1lIjoiTG9naW4iLCJyb2xlIjoiSG90ZWxpZXIifQ.ah-G47P1uVrVjhahETZR5yiuIaW9KDQ_j8AVOpOSYjY\"","duration":0.083203018}
{"level":"info","timestamp":"2024-12-16T03:45:10.724+0300","msg":"request","method":"/auth_v1.AuthV1/Login","req":"username:\"Login\"  password:\"1234228\"  refresh_token:\"eyJhbGciOiJIUzI1NiIsInR5cCI6IkpXVCJ9.eyJleHAiOjE3MzQzMTM0OTYsInVzZXJuYW1lIjoiTG9naW4iLCJyb2xlIjoiSG90ZWxpZXIifQ.ah-G47P1uVrVjhahETZR5yiuIaW9KDQ_j8AVOpOSYjY\"","res":"access_token:\"eyJhbGciOiJIUzI1NiIsInR5cCI6IkpXVCJ9.eyJleHAiOjE3MzQzMTExMTAsInVzZXJuYW1lIjoiTG9naW4iLCJyb2xlIjoiSG90ZWxpZXIifQ.XzyTQLaRLBlwMi_xhiKExa9b1_--e84CJSNo1VH1W94\"","duration":0.057679974}
{"level":"info","timestamp":"2024-12-16T03:45:25.499+0300","msg":"decoding request body...","op":"hotel.Save"}
{"level":"info","timestamp":"2024-12-16T03:45:25.499+0300","msg":"request body decoded","op":"hotel.Save","request":{"info":{"name":"Mriya","location":"Crimea","price":5000},"access_token":"eyJhbGciOiJIUzI1NiIsInR5cCI6IkpXVCJ9.eyJleHAiOjE3MzQzMTExMTAsInVzZXJuYW1lIjoiTG9naW4iLCJyb2xlIjoiSG90ZWxpZXIifQ.XzyTQLaRLBlwMi_xhiKExa9b1_--e84CJSNo1VH1W94"}}
{"level":"info","timestamp":"2024-12-16T03:45:25.501+0300","msg":"validating request body...","op":"hotel.Save"}
{"level":"info","timestamp":"2024-12-16T03:45:25.501+0300","msg":"Login","op":"hotel.Save"}
{"level":"info","timestamp":"2024-12-16T03:45:25.507+0300","msg":"hotel successfully saved","op":"hotel.Save","hotel":"Mriya"}
{"level":"info","timestamp":"2024-12-16T03:45:39.811+0300","msg":"decoding request body...","op":"hotel.Save"}
{"level":"info","timestamp":"2024-12-16T03:45:39.811+0300","msg":"request body decoded","op":"hotel.Save","request":{"info":{"name":"Mriya3","location":"Crimea","price":5000},"access_token":"eyJhbGciOiJIUzI1NiIsInR5cCI6IkpXVCJ9.eyJleHAiOjE3MzQzMTExMTAsInVzZXJuYW1lIjoiTG9naW4iLCJyb2xlIjoiSG90ZWxpZXIifQ.XzyTQLaRLBlwMi_xhiKExa9b1_--e84CJSNo1VH1W94"}}
{"level":"info","timestamp":"2024-12-16T03:45:39.811+0300","msg":"validating request body...","op":"hotel.Save"}
{"level":"info","timestamp":"2024-12-16T03:45:39.812+0300","msg":"Login","op":"hotel.Save"}
{"level":"info","timestamp":"2024-12-16T03:45:39.817+0300","msg":"hotel successfully saved","op":"hotel.Save","hotel":"Mriya3"}
{"level":"info","timestamp":"2024-12-16T03:46:04.325+0300","msg":"Connected"}
{"level":"info","timestamp":"2024-12-16T03:46:04.399+0300","msg":"request","method":"/auth_v1.AuthV1/Signin","req":"username:\"Login2\"  password:\"1234228\"  role:\"Client\"","res":"refresh_token:\"eyJhbGciOiJIUzI1NiIsInR5cCI6IkpXVCJ9.eyJleHAiOjE3MzQzMTM1NjQsInVzZXJuYW1lIjoiTG9naW4yIiwicm9sZSI6IkNsaWVudCJ9.FIMJtpDeZRiVEm67yimN-wtxL22amhmcg1tquao1EAc\"","duration":0.073479367}
{"level":"info","timestamp":"2024-12-16T03:46:23.023+0300","msg":"request","method":"/auth_v1.AuthV1/Login","req":"username:\"Login2\"  password:\"1234228\"  refresh_token:\"eyJhbGciOiJIUzI1NiIsInR5cCI6IkpXVCJ9.eyJleHAiOjE3MzQzMTM1NjQsInVzZXJuYW1lIjoiTG9naW4yIiwicm9sZSI6IkNsaWVudCJ9.FIMJtpDeZRiVEm67yimN-wtxL22amhmcg1tquao1EAc\"","res":"access_token:\"eyJhbGciOiJIUzI1NiIsInR5cCI6IkpXVCJ9.eyJleHAiOjE3MzQzMTExODMsInVzZXJuYW1lIjoiTG9naW4yIiwicm9sZSI6IkNsaWVudCJ9.ZKqp1YGSY-Oiz6C7ZxQbnbCFRosmoifBbM6X1cWOIVo\"","duration":0.066424575}
{"level":"info","timestamp":"2024-12-16T03:46:35.381+0300","msg":"Serving swagger file: /api.booking.swagger.json"}
{"level":"info","timestamp":"2024-12-16T03:51:01.447+0300","msg":"Connected"}
{"level":"info","timestamp":"2024-12-16T03:51:01.516+0300","msg":"request","method":"/auth_v1.AuthV1/Signin","req":"username:\"new_login\"  password:\"1234228\"  role:\"Hotelier\"","res":"refresh_token:\"eyJhbGciOiJIUzI1NiIsInR5cCI6IkpXVCJ9.eyJleHAiOjE3MzQzMTM4NjEsInVzZXJuYW1lIjoibmV3X2xvZ2luIiwicm9sZSI6IkhvdGVsaWVyIn0.whYGF9hb25_vrUFm66HOFp5jp3wZ8iFZuMdnz0LNynw\"","duration":0.068465622}
{"level":"info","timestamp":"2024-12-16T03:51:14.078+0300","msg":"request","method":"/auth_v1.AuthV1/Login","req":"username:\"new_login\"  password:\"1234228\"  refresh_token:\"eyJhbGciOiJIUzI1NiIsInR5cCI6IkpXVCJ9.eyJleHAiOjE3MzQzMTM4NjEsInVzZXJuYW1lIjoibmV3X2xvZ2luIiwicm9sZSI6IkhvdGVsaWVyIn0.whYGF9hb25_vrUFm66HOFp5jp3wZ8iFZuMdnz0LNynw\"","res":"access_token:\"eyJhbGciOiJIUzI1NiIsInR5cCI6IkpXVCJ9.eyJleHAiOjE3MzQzMTE0NzQsInVzZXJuYW1lIjoibmV3X2xvZ2luIiwicm9sZSI6IkhvdGVsaWVyIn0.Y7xnglYyOGqgqX4sQnlkUNFLlBUo78oQGiW8tPS6Lo8\"","duration":0.058483697}
{"level":"info","timestamp":"2024-12-16T03:51:29.240+0300","msg":"decoding request body...","op":"hotel.Save"}
{"level":"info","timestamp":"2024-12-16T03:51:29.240+0300","msg":"request body decoded","op":"hotel.Save","request":{"info":{"name":"Radisson","location":"Sevastopol","price":10000},"access_token":"eyJhbGciOiJIUzI1NiIsInR5cCI6IkpXVCJ9.eyJleHAiOjE3MzQzMTE0NzQsInVzZXJuYW1lIjoibmV3X2xvZ2luIiwicm9sZSI6IkhvdGVsaWVyIn0.Y7xnglYyOGqgqX4sQnlkUNFLlBUo78oQGiW8tPS6Lo8"}}
{"level":"info","timestamp":"2024-12-16T03:51:29.241+0300","msg":"validating request body...","op":"hotel.Save"}
{"level":"info","timestamp":"2024-12-16T03:51:29.241+0300","msg":"new_login","op":"hotel.Save"}
{"level":"info","timestamp":"2024-12-16T03:51:29.246+0300","msg":"hotel successfully saved","op":"hotel.Save","hotel":"Radisson"}
{"level":"info","timestamp":"2024-12-16T03:51:40.983+0300","msg":"Connected"}
{"level":"info","timestamp":"2024-12-16T03:51:41.077+0300","msg":"request","method":"/auth_v1.AuthV1/Signin","req":"username:\"client_login\"  password:\"1234228\"  role:\"Client\"","res":"refresh_token:\"eyJhbGciOiJIUzI1NiIsInR5cCI6IkpXVCJ9.eyJleHAiOjE3MzQzMTM5MDEsInVzZXJuYW1lIjoiY2xpZW50X2xvZ2luIiwicm9sZSI6IkNsaWVudCJ9.yEvAc-KDs9HxUYTCo5JGyOviH7n3AY8CEEwT90UJ0kE\"","duration":0.093258177}
{"level":"info","timestamp":"2024-12-16T03:51:52.377+0300","msg":"request","method":"/auth_v1.AuthV1/Login","req":"username:\"client_login\"  password:\"1234228\"  refresh_token:\"eyJhbGciOiJIUzI1NiIsInR5cCI6IkpXVCJ9.eyJleHAiOjE3MzQzMTM5MDEsInVzZXJuYW1lIjoiY2xpZW50X2xvZ2luIiwicm9sZSI6IkNsaWVudCJ9.yEvAc-KDs9HxUYTCo5JGyOviH7n3AY8CEEwT90UJ0kE\"","res":"access_token:\"eyJhbGciOiJIUzI1NiIsInR5cCI6IkpXVCJ9.eyJleHAiOjE3MzQzMTE1MTIsInVzZXJuYW1lIjoiY2xpZW50X2xvZ2luIiwicm9sZSI6IkNsaWVudCJ9.OxWOJ4j-0GAp5meWYLUfnVTsviPsYia2e9fMCNxjX0w\"","duration":0.084508779}
{"level":"info","timestamp":"2024-12-16T03:52:04.729+0300","msg":"decoding request body...","op":"hotel.getHotels"}
{"level":"info","timestamp":"2024-12-16T03:52:04.729+0300","msg":"request body decoded","op":"hotel.getHotels","request":{"access_token":"eyJhbGciOiJIUzI1NiIsInR5cCI6IkpXVCJ9.eyJleHAiOjE3MzQzMTE1MTIsInVzZXJuYW1lIjoiY2xpZW50X2xvZ2luIiwicm9sZSI6IkNsaWVudCJ9.OxWOJ4j-0GAp5meWYLUfnVTsviPsYia2e9fMCNxjX0w"}}
{"level":"info","timestamp":"2024-12-16T03:52:04.730+0300","msg":"validating request body...","op":"hotel.getHotels"}
{"level":"info","timestamp":"2024-12-16T03:52:04.730+0300","msg":"getting hotels...","op":"hotel.getHotels"}
{"level":"info","timestamp":"2024-12-16T03:52:21.481+0300","msg":"Access granted"}
{"level":"info","timestamp":"2024-12-16T03:52:21.490+0300","msg":"getting hotel info...","op":"hotel.GetInfo"}
{"level":"info","timestamp":"2024-12-16T03:52:21.494+0300","msg":"requested successfully","method":"/hotel_v1.HotelV1/GetInfo","req":"id:1","res":"hotel:{name:\"Mriya\"  location:\"Crimea\"  price:5000}","duration":0.003585531}
{"level":"info","timestamp":"2024-12-16T03:52:21.495+0300","msg":"inserted book with %d","id":1}
